Removed Parameter LatestRevisionDate:17-Jul-2002 from Part C101
Removed Parameter LatestRevisionDate:17-Jul-2002 from Part C102
Removed Parameter LatestRevisionDate:17-Jul-2002 from Part C103
Removed Parameter LatestRevisionDate:17-Jul-2002 from Part C104
Removed Parameter LatestRevisionDate:17-Jul-2002 from Part C105
Removed Parameter LatestRevisionDate:17-Jul-2002 from Part C106
Removed Parameter LatestRevisionDate:17-Jul-2002 from Part C107
Removed Parameter LatestRevisionDate:17-Jul-2002 from Part C108
Removed Parameter LatestRevisionDate:17-Jul-2002 from Part C109
Removed Parameter LatestRevisionDate:17-Jul-2002 from Part C110
Removed Parameter LatestRevisionDate:17-Jul-2002 from Part C111
Removed Parameter LatestRevisionDate:17-Jul-2002 from Part P1
Removed Parameter LatestRevisionDate:17-Jul-2002 from Part P2
Removed Parameter LatestRevisionDate:17-Jul-2002 from Part P IN
Removed Parameter LatestRevisionDate:17-Jul-2002 from Part R101
Removed Parameter LatestRevisionDate:17-Jul-2002 from Part R102
Removed Parameter LatestRevisionDate:17-Jul-2002 from Part R103
Removed Parameter LatestRevisionDate:17-Jul-2002 from Part Y1
Removed Parameter LatestRevisionNote:Re-released for DXP Platform. from Part C101
Removed Parameter LatestRevisionNote:Re-released for DXP Platform. from Part C102
Removed Parameter LatestRevisionNote:Re-released for DXP Platform. from Part C103
Removed Parameter LatestRevisionNote:Re-released for DXP Platform. from Part C104
Removed Parameter LatestRevisionNote:Re-released for DXP Platform. from Part C105
Removed Parameter LatestRevisionNote:Re-released for DXP Platform. from Part C106
Removed Parameter LatestRevisionNote:Re-released for DXP Platform. from Part C107
Removed Parameter LatestRevisionNote:Re-released for DXP Platform. from Part C108
Removed Parameter LatestRevisionNote:Re-released for DXP Platform. from Part C109
Removed Parameter LatestRevisionNote:Re-released for DXP Platform. from Part C110
Removed Parameter LatestRevisionNote:Re-released for DXP Platform. from Part C111
Removed Parameter LatestRevisionNote:Re-released for DXP Platform. from Part P1
Removed Parameter LatestRevisionNote:Re-released for DXP Platform. from Part P2
Removed Parameter LatestRevisionNote:Re-released for DXP Platform. from Part P IN
Removed Parameter LatestRevisionNote:Re-released for DXP Platform. from Part R101
Removed Parameter LatestRevisionNote:Re-released for DXP Platform. from Part R102
Removed Parameter LatestRevisionNote:Re-released for DXP Platform. from Part R103
Removed Parameter LatestRevisionNote:Re-released for DXP Platform. from Part Y1
Removed Parameter PackageDescription:Axial Device, Thru-Hole; 2 Leads; 0.3 in Pin Spacing from Part R101
Removed Parameter PackageDescription:Axial Device, Thru-Hole; 2 Leads; 0.3 in Pin Spacing from Part R102
Removed Parameter PackageDescription:Axial Device, Thru-Hole; 2 Leads; 0.3 in Pin Spacing from Part R103
Removed Parameter PackageDescription:Crystal, Thru-Hole; 2 Leads; Body 3.1 x 8.2 mm (Dia.xH) from Part Y1
Removed Parameter PackageDescription:Radial Cap, Thru-Hole; 2 Leads; 0.3 in Pin Spacing from Part C101
Removed Parameter PackageDescription:Radial Cap, Thru-Hole; 2 Leads; 0.3 in Pin Spacing from Part C102
Removed Parameter PackageDescription:Radial Cap, Thru-Hole; 2 Leads; 0.3 in Pin Spacing from Part C103
Removed Parameter PackageDescription:Radial Cap, Thru-Hole; 2 Leads; 0.3 in Pin Spacing from Part C104
Removed Parameter PackageDescription:Radial Cap, Thru-Hole; 2 Leads; 0.3 in Pin Spacing from Part C105
Removed Parameter PackageDescription:Radial Cap, Thru-Hole; 2 Leads; 0.3 in Pin Spacing from Part C106
Removed Parameter PackageDescription:Radial Cap, Thru-Hole; 2 Leads; 0.3 in Pin Spacing from Part C107
Removed Parameter PackageDescription:Radial Cap, Thru-Hole; 2 Leads; 0.3 in Pin Spacing from Part C108
Removed Parameter PackageDescription:Radial Cap, Thru-Hole; 2 Leads; 0.3 in Pin Spacing from Part C109
Removed Parameter PackageDescription:Radial Cap, Thru-Hole; 2 Leads; 0.3 in Pin Spacing from Part C110
Removed Parameter PackageDescription:Radial Cap, Thru-Hole; 2 Leads; 0.3 in Pin Spacing from Part C111
Removed Parameter PackageReference:AXIAL-0.3 from Part R101
Removed Parameter PackageReference:AXIAL-0.3 from Part R102
Removed Parameter PackageReference:AXIAL-0.3 from Part R103
Removed Parameter PackageReference:R38 from Part Y1
Removed Parameter PackageReference:RAD-0.3 from Part C101
Removed Parameter PackageReference:RAD-0.3 from Part C102
Removed Parameter PackageReference:RAD-0.3 from Part C103
Removed Parameter PackageReference:RAD-0.3 from Part C104
Removed Parameter PackageReference:RAD-0.3 from Part C105
Removed Parameter PackageReference:RAD-0.3 from Part C106
Removed Parameter PackageReference:RAD-0.3 from Part C107
Removed Parameter PackageReference:RAD-0.3 from Part C108
Removed Parameter PackageReference:RAD-0.3 from Part C109
Removed Parameter PackageReference:RAD-0.3 from Part C110
Removed Parameter PackageReference:RAD-0.3 from Part C111
Removed Parameter Published:8-Jun-2000 from Part C101
Removed Parameter Published:8-Jun-2000 from Part C102
Removed Parameter Published:8-Jun-2000 from Part C103
Removed Parameter Published:8-Jun-2000 from Part C104
Removed Parameter Published:8-Jun-2000 from Part C105
Removed Parameter Published:8-Jun-2000 from Part C106
Removed Parameter Published:8-Jun-2000 from Part C107
Removed Parameter Published:8-Jun-2000 from Part C108
Removed Parameter Published:8-Jun-2000 from Part C109
Removed Parameter Published:8-Jun-2000 from Part C110
Removed Parameter Published:8-Jun-2000 from Part C111
Removed Parameter Published:8-Jun-2000 from Part R101
Removed Parameter Published:8-Jun-2000 from Part R102
Removed Parameter Published:8-Jun-2000 from Part R103
Removed Parameter Published:8-Jun-2000 from Part Y1
Removed Parameter Publisher:Altium Limited from Part C101
Removed Parameter Publisher:Altium Limited from Part C102
Removed Parameter Publisher:Altium Limited from Part C103
Removed Parameter Publisher:Altium Limited from Part C104
Removed Parameter Publisher:Altium Limited from Part C105
Removed Parameter Publisher:Altium Limited from Part C106
Removed Parameter Publisher:Altium Limited from Part C107
Removed Parameter Publisher:Altium Limited from Part C108
Removed Parameter Publisher:Altium Limited from Part C109
Removed Parameter Publisher:Altium Limited from Part C110
Removed Parameter Publisher:Altium Limited from Part C111
Removed Parameter Publisher:Altium Limited from Part P1
Removed Parameter Publisher:Altium Limited from Part P2
Removed Parameter Publisher:Altium Limited from Part P IN
Removed Parameter Publisher:Altium Limited from Part R101
Removed Parameter Publisher:Altium Limited from Part R102
Removed Parameter Publisher:Altium Limited from Part R103
Removed Parameter Publisher:Altium Limited from Part Y1
Removed Parameter Value:1K from Part R101
Removed Parameter Value:1K from Part R102
Removed Parameter Value:1K from Part R103
Removed Parameter Value:100pF from Part C101
Removed Parameter Value:100pF from Part C102
Removed Parameter Value:100pF from Part C103
Removed Parameter Value:100pF from Part C104
Removed Parameter Value:100pF from Part C105
Removed Parameter Value:100pF from Part C106
Removed Parameter Value:100pF from Part C107
Removed Parameter Value:100pF from Part C108
Removed Parameter Value:100pF from Part C109
Removed Parameter Value:100pF from Part C110
Removed Parameter Value:100pF from Part C111
