Added Parameter Fabricant= to Part C101
Added Parameter Fabricant= to Part C102
Added Parameter Fabricant= to Part C103
Added Parameter Fabricant= to Part C104
Added Parameter Fabricant= to Part C105
Added Parameter Fabricant= to Part C106
Added Parameter Fabricant= to Part C107
Added Parameter Fabricant= to Part C108
Added Parameter Fabricant= to Part C109
Added Parameter Fabricant= to Part C110
Added Parameter Fabricant= to Part C111
Added Parameter Fabricant= to Part P1
Added Parameter Fabricant= to Part P2
Added Parameter Fabricant= to Part P IN
Added Parameter Fabricant= to Part R101
Added Parameter Fabricant= to Part R102
Added Parameter Fabricant= to Part R103
Added Parameter Fabricant= to Part U1
Added Parameter Fabricant= to Part U2
Added Parameter Fabricant= to Part Y1
Added Parameter Fournisseur= to Part C101
Added Parameter Fournisseur= to Part C102
Added Parameter Fournisseur= to Part C103
Added Parameter Fournisseur= to Part C104
Added Parameter Fournisseur= to Part C105
Added Parameter Fournisseur= to Part C106
Added Parameter Fournisseur= to Part C107
Added Parameter Fournisseur= to Part C108
Added Parameter Fournisseur= to Part C109
Added Parameter Fournisseur= to Part C110
Added Parameter Fournisseur= to Part C111
Added Parameter Fournisseur= to Part P1
Added Parameter Fournisseur= to Part P2
Added Parameter Fournisseur= to Part P IN
Added Parameter Fournisseur= to Part R101
Added Parameter Fournisseur= to Part R102
Added Parameter Fournisseur= to Part R103
Added Parameter Fournisseur= to Part U1
Added Parameter Fournisseur= to Part U2
Added Parameter Fournisseur= to Part Y1
Added Parameter RefFabricant= to Part C101
Added Parameter RefFabricant= to Part C102
Added Parameter RefFabricant= to Part C103
Added Parameter RefFabricant= to Part C104
Added Parameter RefFabricant= to Part C105
Added Parameter RefFabricant= to Part C106
Added Parameter RefFabricant= to Part C107
Added Parameter RefFabricant= to Part C108
Added Parameter RefFabricant= to Part C109
Added Parameter RefFabricant= to Part C110
Added Parameter RefFabricant= to Part C111
Added Parameter RefFabricant= to Part P1
Added Parameter RefFabricant= to Part P2
Added Parameter RefFabricant= to Part P IN
Added Parameter RefFabricant= to Part R101
Added Parameter RefFabricant= to Part R102
Added Parameter RefFabricant= to Part R103
Added Parameter RefFabricant= to Part U1
Added Parameter RefFabricant= to Part U2
Added Parameter RefFabricant= to Part Y1
Added Parameter RefFournisseur= to Part C101
Added Parameter RefFournisseur= to Part C102
Added Parameter RefFournisseur= to Part C103
Added Parameter RefFournisseur= to Part C104
Added Parameter RefFournisseur= to Part C105
Added Parameter RefFournisseur= to Part C106
Added Parameter RefFournisseur= to Part C107
Added Parameter RefFournisseur= to Part C108
Added Parameter RefFournisseur= to Part C109
Added Parameter RefFournisseur= to Part C110
Added Parameter RefFournisseur= to Part C111
Added Parameter RefFournisseur= to Part P1
Added Parameter RefFournisseur= to Part P2
Added Parameter RefFournisseur= to Part P IN
Added Parameter RefFournisseur= to Part R101
Added Parameter RefFournisseur= to Part R102
Added Parameter RefFournisseur= to Part R103
Added Parameter RefFournisseur= to Part U1
Added Parameter RefFournisseur= to Part U2
Added Parameter RefFournisseur= to Part Y1
