Removed Parameter Code_JEDEC:DO-214-AB from Part D1
Removed Parameter Code_JEDEC:DO-214-AB from Part D2
Removed Parameter Code_JEDEC:DO-214-AB from Part D3
Removed Parameter Code_JEDEC:DO-214-AB from Part D4
Removed Parameter Code_JEDEC:DO-214-AB from Part D5
Removed Parameter Code_JEDEC:DO-214-AB from Part D6
Removed Parameter Code_JEDEC:DO-214-AB from Part D7
Removed Parameter LatestRevisionDate:17-Jul-2002 from Part C1
Removed Parameter LatestRevisionDate:17-Jul-2002 from Part C2
Removed Parameter LatestRevisionDate:17-Jul-2002 from Part C3
Removed Parameter LatestRevisionDate:17-Jul-2002 from Part C4
Removed Parameter LatestRevisionDate:17-Jul-2002 from Part C5
Removed Parameter LatestRevisionDate:17-Jul-2002 from Part C6
Removed Parameter LatestRevisionDate:17-Jul-2002 from Part C7
Removed Parameter LatestRevisionDate:17-Jul-2002 from Part C8
Removed Parameter LatestRevisionDate:17-Jul-2002 from Part C9
Removed Parameter LatestRevisionDate:17-Jul-2002 from Part C10
Removed Parameter LatestRevisionDate:17-Jul-2002 from Part D1
Removed Parameter LatestRevisionDate:17-Jul-2002 from Part D2
Removed Parameter LatestRevisionDate:17-Jul-2002 from Part D3
Removed Parameter LatestRevisionDate:17-Jul-2002 from Part D4
Removed Parameter LatestRevisionDate:17-Jul-2002 from Part D5
Removed Parameter LatestRevisionDate:17-Jul-2002 from Part D6
Removed Parameter LatestRevisionDate:17-Jul-2002 from Part D7
Removed Parameter LatestRevisionDate:17-Jul-2002 from Part P0
Removed Parameter LatestRevisionDate:17-Jul-2002 from Part R1
Removed Parameter LatestRevisionDate:17-Jul-2002 from Part R2
Removed Parameter LatestRevisionDate:17-Jul-2002 from Part R3
Removed Parameter LatestRevisionDate:17-Jul-2002 from Part R4
Removed Parameter LatestRevisionDate:17-Jul-2002 from Part RP1
Removed Parameter LatestRevisionDate:17-Jul-2002 from Part RP2
Removed Parameter LatestRevisionNote:Re-released for DXP Platform. from Part C1
Removed Parameter LatestRevisionNote:Re-released for DXP Platform. from Part C2
Removed Parameter LatestRevisionNote:Re-released for DXP Platform. from Part C3
Removed Parameter LatestRevisionNote:Re-released for DXP Platform. from Part C4
Removed Parameter LatestRevisionNote:Re-released for DXP Platform. from Part C5
Removed Parameter LatestRevisionNote:Re-released for DXP Platform. from Part C6
Removed Parameter LatestRevisionNote:Re-released for DXP Platform. from Part C7
Removed Parameter LatestRevisionNote:Re-released for DXP Platform. from Part C8
Removed Parameter LatestRevisionNote:Re-released for DXP Platform. from Part C9
Removed Parameter LatestRevisionNote:Re-released for DXP Platform. from Part C10
Removed Parameter LatestRevisionNote:Re-released for DXP Platform. from Part D1
Removed Parameter LatestRevisionNote:Re-released for DXP Platform. from Part D2
Removed Parameter LatestRevisionNote:Re-released for DXP Platform. from Part D3
Removed Parameter LatestRevisionNote:Re-released for DXP Platform. from Part D4
Removed Parameter LatestRevisionNote:Re-released for DXP Platform. from Part D5
Removed Parameter LatestRevisionNote:Re-released for DXP Platform. from Part D6
Removed Parameter LatestRevisionNote:Re-released for DXP Platform. from Part D7
Removed Parameter LatestRevisionNote:Re-released for DXP Platform. from Part P0
Removed Parameter LatestRevisionNote:Re-released for DXP Platform. from Part R1
Removed Parameter LatestRevisionNote:Re-released for DXP Platform. from Part R2
Removed Parameter LatestRevisionNote:Re-released for DXP Platform. from Part R3
Removed Parameter LatestRevisionNote:Re-released for DXP Platform. from Part R4
Removed Parameter LatestRevisionNote:Re-released for DXP Platform. from Part RP1
Removed Parameter LatestRevisionNote:Re-released for DXP Platform. from Part RP2
Removed Parameter PackageDescription:Axial Device, Thru-Hole; 2 Leads; 0.3 in Pin Spacing from Part R1
Removed Parameter PackageDescription:Axial Device, Thru-Hole; 2 Leads; 0.3 in Pin Spacing from Part R2
Removed Parameter PackageDescription:Axial Device, Thru-Hole; 2 Leads; 0.3 in Pin Spacing from Part R3
Removed Parameter PackageDescription:Axial Device, Thru-Hole; 2 Leads; 0.3 in Pin Spacing from Part R4
Removed Parameter PackageDescription:DO-214-AB/SMC; 2 C-Bend Leads; Body 7.9 x 5.9 mm, inc. leads (LxW) from Part D1
Removed Parameter PackageDescription:DO-214-AB/SMC; 2 C-Bend Leads; Body 7.9 x 5.9 mm, inc. leads (LxW) from Part D2
Removed Parameter PackageDescription:DO-214-AB/SMC; 2 C-Bend Leads; Body 7.9 x 5.9 mm, inc. leads (LxW) from Part D3
Removed Parameter PackageDescription:DO-214-AB/SMC; 2 C-Bend Leads; Body 7.9 x 5.9 mm, inc. leads (LxW) from Part D4
Removed Parameter PackageDescription:DO-214-AB/SMC; 2 C-Bend Leads; Body 7.9 x 5.9 mm, inc. leads (LxW) from Part D5
Removed Parameter PackageDescription:DO-214-AB/SMC; 2 C-Bend Leads; Body 7.9 x 5.9 mm, inc. leads (LxW) from Part D6
Removed Parameter PackageDescription:DO-214-AB/SMC; 2 C-Bend Leads; Body 7.9 x 5.9 mm, inc. leads (LxW) from Part D7
Removed Parameter PackageDescription:Polarized Capacitor (Radial); 2 Leads from Part C1
Removed Parameter PackageDescription:Polarized Capacitor (Radial); 2 Leads from Part C4
Removed Parameter PackageDescription:Polarized Capacitor (Radial); 2 Leads from Part C6
Removed Parameter PackageDescription:Polarized Capacitor (Radial); 2 Leads from Part C9
Removed Parameter PackageDescription:Radial Cap, Thru-Hole; 2 Leads; 0.3 in Pin Spacing from Part C2
Removed Parameter PackageDescription:Radial Cap, Thru-Hole; 2 Leads; 0.3 in Pin Spacing from Part C3
Removed Parameter PackageDescription:Radial Cap, Thru-Hole; 2 Leads; 0.3 in Pin Spacing from Part C5
Removed Parameter PackageDescription:Radial Cap, Thru-Hole; 2 Leads; 0.3 in Pin Spacing from Part C7
Removed Parameter PackageDescription:Radial Cap, Thru-Hole; 2 Leads; 0.3 in Pin Spacing from Part C8
Removed Parameter PackageDescription:Radial Cap, Thru-Hole; 2 Leads; 0.3 in Pin Spacing from Part C10
Removed Parameter PackageDescription:Variable Resistor, Thru-Hole; 3 Leads from Part RP1
Removed Parameter PackageDescription:Variable Resistor, Thru-Hole; 3 Leads from Part RP2
Removed Parameter PackageReference:AXIAL-0.3 from Part R1
Removed Parameter PackageReference:AXIAL-0.3 from Part R2
Removed Parameter PackageReference:AXIAL-0.3 from Part R3
Removed Parameter PackageReference:AXIAL-0.3 from Part R4
Removed Parameter PackageReference:RAD-0.3 from Part C2
Removed Parameter PackageReference:RAD-0.3 from Part C3
Removed Parameter PackageReference:RAD-0.3 from Part C5
Removed Parameter PackageReference:RAD-0.3 from Part C7
Removed Parameter PackageReference:RAD-0.3 from Part C8
Removed Parameter PackageReference:RAD-0.3 from Part C10
Removed Parameter PackageReference:RB7.6-15 from Part C1
Removed Parameter PackageReference:RB7.6-15 from Part C4
Removed Parameter PackageReference:RB7.6-15 from Part C6
Removed Parameter PackageReference:RB7.6-15 from Part C9
Removed Parameter PackageReference:SMC from Part D1
Removed Parameter PackageReference:SMC from Part D2
Removed Parameter PackageReference:SMC from Part D3
Removed Parameter PackageReference:SMC from Part D4
Removed Parameter PackageReference:SMC from Part D5
Removed Parameter PackageReference:SMC from Part D6
Removed Parameter PackageReference:SMC from Part D7
Removed Parameter PackageReference:VR5 from Part RP1
Removed Parameter PackageReference:VR5 from Part RP2
Removed Parameter PackageVersion:Sep-1996 from Part D1
Removed Parameter PackageVersion:Sep-1996 from Part D2
Removed Parameter PackageVersion:Sep-1996 from Part D3
Removed Parameter PackageVersion:Sep-1996 from Part D4
Removed Parameter PackageVersion:Sep-1996 from Part D5
Removed Parameter PackageVersion:Sep-1996 from Part D6
Removed Parameter PackageVersion:Sep-1996 from Part D7
Removed Parameter Published:8-Jun-2000 from Part C1
Removed Parameter Published:8-Jun-2000 from Part C2
Removed Parameter Published:8-Jun-2000 from Part C3
Removed Parameter Published:8-Jun-2000 from Part C4
Removed Parameter Published:8-Jun-2000 from Part C5
Removed Parameter Published:8-Jun-2000 from Part C6
Removed Parameter Published:8-Jun-2000 from Part C7
Removed Parameter Published:8-Jun-2000 from Part C8
Removed Parameter Published:8-Jun-2000 from Part C9
Removed Parameter Published:8-Jun-2000 from Part C10
Removed Parameter Published:8-Jun-2000 from Part D1
Removed Parameter Published:8-Jun-2000 from Part D2
Removed Parameter Published:8-Jun-2000 from Part D3
Removed Parameter Published:8-Jun-2000 from Part D4
Removed Parameter Published:8-Jun-2000 from Part D5
Removed Parameter Published:8-Jun-2000 from Part D6
Removed Parameter Published:8-Jun-2000 from Part D7
Removed Parameter Published:8-Jun-2000 from Part R1
Removed Parameter Published:8-Jun-2000 from Part R2
Removed Parameter Published:8-Jun-2000 from Part R3
Removed Parameter Published:8-Jun-2000 from Part R4
Removed Parameter Published:8-Jun-2000 from Part RP1
Removed Parameter Published:8-Jun-2000 from Part RP2
Removed Parameter Publisher:Altium Limited from Part C1
Removed Parameter Publisher:Altium Limited from Part C2
Removed Parameter Publisher:Altium Limited from Part C3
Removed Parameter Publisher:Altium Limited from Part C4
Removed Parameter Publisher:Altium Limited from Part C5
Removed Parameter Publisher:Altium Limited from Part C6
Removed Parameter Publisher:Altium Limited from Part C7
Removed Parameter Publisher:Altium Limited from Part C8
Removed Parameter Publisher:Altium Limited from Part C9
Removed Parameter Publisher:Altium Limited from Part C10
Removed Parameter Publisher:Altium Limited from Part D1
Removed Parameter Publisher:Altium Limited from Part D2
Removed Parameter Publisher:Altium Limited from Part D3
Removed Parameter Publisher:Altium Limited from Part D4
Removed Parameter Publisher:Altium Limited from Part D5
Removed Parameter Publisher:Altium Limited from Part D6
Removed Parameter Publisher:Altium Limited from Part D7
Removed Parameter Publisher:Altium Limited from Part P0
Removed Parameter Publisher:Altium Limited from Part R1
Removed Parameter Publisher:Altium Limited from Part R2
Removed Parameter Publisher:Altium Limited from Part R3
Removed Parameter Publisher:Altium Limited from Part R4
Removed Parameter Publisher:Altium Limited from Part RP1
Removed Parameter Publisher:Altium Limited from Part RP2
Removed Parameter Set Position:0.5 from Part RP1
Removed Parameter Set Position:0.5 from Part RP2
Removed Parameter Sim Note:Enter the Resistance value and the set point into parameter fields. from Part RP1
Removed Parameter Sim Note:Enter the Resistance value and the set point into parameter fields. from Part RP2
Removed Parameter Value:1K from Part R1
Removed Parameter Value:1K from Part R2
Removed Parameter Value:1K from Part R3
Removed Parameter Value:1K from Part R4
Removed Parameter Value:1K from Part RP1
Removed Parameter Value:1K from Part RP2
Removed Parameter Value:100pF from Part C1
Removed Parameter Value:100pF from Part C2
Removed Parameter Value:100pF from Part C3
Removed Parameter Value:100pF from Part C4
Removed Parameter Value:100pF from Part C5
Removed Parameter Value:100pF from Part C6
Removed Parameter Value:100pF from Part C7
Removed Parameter Value:100pF from Part C8
Removed Parameter Value:100pF from Part C9
Removed Parameter Value:100pF from Part C10
