Added Parameter Fabricant= to Part C1
Added Parameter Fabricant= to Part C2
Added Parameter Fabricant= to Part C3
Added Parameter Fabricant= to Part C4
Added Parameter Fabricant= to Part C5
Added Parameter Fabricant= to Part C6
Added Parameter Fabricant= to Part C7
Added Parameter Fabricant= to Part C8
Added Parameter Fabricant= to Part C9
Added Parameter Fabricant= to Part C10
Added Parameter Fabricant= to Part D1
Added Parameter Fabricant= to Part D2
Added Parameter Fabricant= to Part D3
Added Parameter Fabricant= to Part D4
Added Parameter Fabricant= to Part D5
Added Parameter Fabricant= to Part D6
Added Parameter Fabricant= to Part D7
Added Parameter Fabricant= to Part P0
Added Parameter Fabricant= to Part R1
Added Parameter Fabricant= to Part R2
Added Parameter Fabricant= to Part R3
Added Parameter Fabricant= to Part R4
Added Parameter Fabricant= to Part RP1
Added Parameter Fabricant= to Part RP2
Added Parameter Fabricant= to Part U7
Added Parameter Fabricant= to Part U8
Added Parameter Fournisseur= to Part C1
Added Parameter Fournisseur= to Part C2
Added Parameter Fournisseur= to Part C3
Added Parameter Fournisseur= to Part C4
Added Parameter Fournisseur= to Part C5
Added Parameter Fournisseur= to Part C6
Added Parameter Fournisseur= to Part C7
Added Parameter Fournisseur= to Part C8
Added Parameter Fournisseur= to Part C9
Added Parameter Fournisseur= to Part C10
Added Parameter Fournisseur= to Part D1
Added Parameter Fournisseur= to Part D2
Added Parameter Fournisseur= to Part D3
Added Parameter Fournisseur= to Part D4
Added Parameter Fournisseur= to Part D5
Added Parameter Fournisseur= to Part D6
Added Parameter Fournisseur= to Part D7
Added Parameter Fournisseur= to Part P0
Added Parameter Fournisseur= to Part R1
Added Parameter Fournisseur= to Part R2
Added Parameter Fournisseur= to Part R3
Added Parameter Fournisseur= to Part R4
Added Parameter Fournisseur= to Part RP1
Added Parameter Fournisseur= to Part RP2
Added Parameter Fournisseur= to Part U7
Added Parameter Fournisseur= to Part U8
Added Parameter RefFabricant= to Part C1
Added Parameter RefFabricant= to Part C2
Added Parameter RefFabricant= to Part C3
Added Parameter RefFabricant= to Part C4
Added Parameter RefFabricant= to Part C5
Added Parameter RefFabricant= to Part C6
Added Parameter RefFabricant= to Part C7
Added Parameter RefFabricant= to Part C8
Added Parameter RefFabricant= to Part C9
Added Parameter RefFabricant= to Part C10
Added Parameter RefFabricant= to Part D1
Added Parameter RefFabricant= to Part D2
Added Parameter RefFabricant= to Part D3
Added Parameter RefFabricant= to Part D4
Added Parameter RefFabricant= to Part D5
Added Parameter RefFabricant= to Part D6
Added Parameter RefFabricant= to Part D7
Added Parameter RefFabricant= to Part P0
Added Parameter RefFabricant= to Part R1
Added Parameter RefFabricant= to Part R2
Added Parameter RefFabricant= to Part R3
Added Parameter RefFabricant= to Part R4
Added Parameter RefFabricant= to Part RP1
Added Parameter RefFabricant= to Part RP2
Added Parameter RefFabricant= to Part U7
Added Parameter RefFabricant= to Part U8
Added Parameter RefFournisseur= to Part C1
Added Parameter RefFournisseur= to Part C2
Added Parameter RefFournisseur= to Part C3
Added Parameter RefFournisseur= to Part C4
Added Parameter RefFournisseur= to Part C5
Added Parameter RefFournisseur= to Part C6
Added Parameter RefFournisseur= to Part C7
Added Parameter RefFournisseur= to Part C8
Added Parameter RefFournisseur= to Part C9
Added Parameter RefFournisseur= to Part C10
Added Parameter RefFournisseur= to Part D1
Added Parameter RefFournisseur= to Part D2
Added Parameter RefFournisseur= to Part D3
Added Parameter RefFournisseur= to Part D4
Added Parameter RefFournisseur= to Part D5
Added Parameter RefFournisseur= to Part D6
Added Parameter RefFournisseur= to Part D7
Added Parameter RefFournisseur= to Part P0
Added Parameter RefFournisseur= to Part R1
Added Parameter RefFournisseur= to Part R2
Added Parameter RefFournisseur= to Part R3
Added Parameter RefFournisseur= to Part R4
Added Parameter RefFournisseur= to Part RP1
Added Parameter RefFournisseur= to Part RP2
Added Parameter RefFournisseur= to Part U7
Added Parameter RefFournisseur= to Part U8
