Removed Parameter LatestRevisionDate:17-Jul-2002 from Part C31
Removed Parameter LatestRevisionDate:17-Jul-2002 from Part C32
Removed Parameter LatestRevisionDate:17-Jul-2002 from Part C33
Removed Parameter LatestRevisionDate:17-Jul-2002 from Part C34
Removed Parameter LatestRevisionDate:17-Jul-2002 from Part C35
Removed Parameter LatestRevisionDate:17-Jul-2002 from Part C36
Removed Parameter LatestRevisionDate:17-Jul-2002 from Part R31
Removed Parameter LatestRevisionDate:17-Jul-2002 from Part R32
Removed Parameter LatestRevisionNote:Re-released for DXP Platform. from Part C31
Removed Parameter LatestRevisionNote:Re-released for DXP Platform. from Part C32
Removed Parameter LatestRevisionNote:Re-released for DXP Platform. from Part C33
Removed Parameter LatestRevisionNote:Re-released for DXP Platform. from Part C34
Removed Parameter LatestRevisionNote:Re-released for DXP Platform. from Part C35
Removed Parameter LatestRevisionNote:Re-released for DXP Platform. from Part C36
Removed Parameter LatestRevisionNote:Re-released for DXP Platform. from Part R31
Removed Parameter LatestRevisionNote:Re-released for DXP Platform. from Part R32
Removed Parameter PackageDescription:Axial Device, Thru-Hole; 2 Leads; 0.3 in Pin Spacing from Part R31
Removed Parameter PackageDescription:Axial Device, Thru-Hole; 2 Leads; 0.3 in Pin Spacing from Part R32
Removed Parameter PackageDescription:Radial Cap, Thru-Hole; 2 Leads; 0.3 in Pin Spacing from Part C31
Removed Parameter PackageDescription:Radial Cap, Thru-Hole; 2 Leads; 0.3 in Pin Spacing from Part C32
Removed Parameter PackageDescription:Radial Cap, Thru-Hole; 2 Leads; 0.3 in Pin Spacing from Part C33
Removed Parameter PackageDescription:Radial Cap, Thru-Hole; 2 Leads; 0.3 in Pin Spacing from Part C34
Removed Parameter PackageDescription:Radial Cap, Thru-Hole; 2 Leads; 0.3 in Pin Spacing from Part C35
Removed Parameter PackageDescription:Radial Cap, Thru-Hole; 2 Leads; 0.3 in Pin Spacing from Part C36
Removed Parameter PackageReference:AXIAL-0.3 from Part R31
Removed Parameter PackageReference:AXIAL-0.3 from Part R32
Removed Parameter PackageReference:RAD-0.3 from Part C31
Removed Parameter PackageReference:RAD-0.3 from Part C32
Removed Parameter PackageReference:RAD-0.3 from Part C33
Removed Parameter PackageReference:RAD-0.3 from Part C34
Removed Parameter PackageReference:RAD-0.3 from Part C35
Removed Parameter PackageReference:RAD-0.3 from Part C36
Removed Parameter Published:8-Jun-2000 from Part C31
Removed Parameter Published:8-Jun-2000 from Part C32
Removed Parameter Published:8-Jun-2000 from Part C33
Removed Parameter Published:8-Jun-2000 from Part C34
Removed Parameter Published:8-Jun-2000 from Part C35
Removed Parameter Published:8-Jun-2000 from Part C36
Removed Parameter Published:8-Jun-2000 from Part R31
Removed Parameter Published:8-Jun-2000 from Part R32
Removed Parameter Publisher:Altium Limited from Part C31
Removed Parameter Publisher:Altium Limited from Part C32
Removed Parameter Publisher:Altium Limited from Part C33
Removed Parameter Publisher:Altium Limited from Part C34
Removed Parameter Publisher:Altium Limited from Part C35
Removed Parameter Publisher:Altium Limited from Part C36
Removed Parameter Publisher:Altium Limited from Part R31
Removed Parameter Publisher:Altium Limited from Part R32
Removed Parameter Value:10K from Part R31
Removed Parameter Value:10K from Part R32
Removed Parameter Value:100pF from Part C31
Removed Parameter Value:100pF from Part C32
Removed Parameter Value:100pF from Part C33
Removed Parameter Value:100pF from Part C34
Removed Parameter Value:100pF from Part C35
Removed Parameter Value:100pF from Part C36
