Added Parameter Fabricant= to Part C31
Added Parameter Fabricant= to Part C32
Added Parameter Fabricant= to Part C33
Added Parameter Fabricant= to Part C34
Added Parameter Fabricant= to Part C35
Added Parameter Fabricant= to Part C36
Added Parameter Fabricant= to Part R31
Added Parameter Fabricant= to Part R32
Added Parameter Fabricant= to Part U4
Added Parameter Fournisseur= to Part C31
Added Parameter Fournisseur= to Part C32
Added Parameter Fournisseur= to Part C33
Added Parameter Fournisseur= to Part C34
Added Parameter Fournisseur= to Part C35
Added Parameter Fournisseur= to Part C36
Added Parameter Fournisseur= to Part R31
Added Parameter Fournisseur= to Part R32
Added Parameter Fournisseur= to Part U4
Added Parameter RefFabricant= to Part C31
Added Parameter RefFabricant= to Part C32
Added Parameter RefFabricant= to Part C33
Added Parameter RefFabricant= to Part C34
Added Parameter RefFabricant= to Part C35
Added Parameter RefFabricant= to Part C36
Added Parameter RefFabricant= to Part R31
Added Parameter RefFabricant= to Part R32
Added Parameter RefFabricant= to Part U4
Added Parameter RefFournisseur= to Part C31
Added Parameter RefFournisseur= to Part C32
Added Parameter RefFournisseur= to Part C33
Added Parameter RefFournisseur= to Part C34
Added Parameter RefFournisseur= to Part C35
Added Parameter RefFournisseur= to Part C36
Added Parameter RefFournisseur= to Part R31
Added Parameter RefFournisseur= to Part R32
Added Parameter RefFournisseur= to Part U4
