Added Parameter Fabricant= to Part C41
Added Parameter Fabricant= to Part C42
Added Parameter Fabricant= to Part P3
Added Parameter Fabricant= to Part R41
Added Parameter Fabricant= to Part R42
Added Parameter Fabricant= to Part R43
Added Parameter Fabricant= to Part U5
Added Parameter Fournisseur= to Part C41
Added Parameter Fournisseur= to Part C42
Added Parameter Fournisseur= to Part P3
Added Parameter Fournisseur= to Part R41
Added Parameter Fournisseur= to Part R42
Added Parameter Fournisseur= to Part R43
Added Parameter Fournisseur= to Part U5
Added Parameter RefFabricant= to Part C41
Added Parameter RefFabricant= to Part C42
Added Parameter RefFabricant= to Part P3
Added Parameter RefFabricant= to Part R41
Added Parameter RefFabricant= to Part R42
Added Parameter RefFabricant= to Part R43
Added Parameter RefFabricant= to Part U5
Added Parameter RefFournisseur= to Part C41
Added Parameter RefFournisseur= to Part C42
Added Parameter RefFournisseur= to Part P3
Added Parameter RefFournisseur= to Part R41
Added Parameter RefFournisseur= to Part R42
Added Parameter RefFournisseur= to Part R43
Added Parameter RefFournisseur= to Part U5
