Removed Parameter LatestRevisionDate:17-Jul-2002 from Part C41
Removed Parameter LatestRevisionDate:17-Jul-2002 from Part C42
Removed Parameter LatestRevisionDate:17-Jul-2002 from Part R41
Removed Parameter LatestRevisionDate:17-Jul-2002 from Part R42
Removed Parameter LatestRevisionDate:17-Jul-2002 from Part R43
Removed Parameter LatestRevisionNote:Re-released for DXP Platform. from Part C41
Removed Parameter LatestRevisionNote:Re-released for DXP Platform. from Part C42
Removed Parameter LatestRevisionNote:Re-released for DXP Platform. from Part R41
Removed Parameter LatestRevisionNote:Re-released for DXP Platform. from Part R42
Removed Parameter LatestRevisionNote:Re-released for DXP Platform. from Part R43
Removed Parameter PackageDescription:Axial Device, Thru-Hole; 2 Leads; 0.3 in Pin Spacing from Part R41
Removed Parameter PackageDescription:Axial Device, Thru-Hole; 2 Leads; 0.3 in Pin Spacing from Part R42
Removed Parameter PackageDescription:Axial Device, Thru-Hole; 2 Leads; 0.3 in Pin Spacing from Part R43
Removed Parameter PackageDescription:Radial Cap, Thru-Hole; 2 Leads; 0.3 in Pin Spacing from Part C41
Removed Parameter PackageDescription:Radial Cap, Thru-Hole; 2 Leads; 0.3 in Pin Spacing from Part C42
Removed Parameter PackageReference:AXIAL-0.3 from Part R41
Removed Parameter PackageReference:AXIAL-0.3 from Part R42
Removed Parameter PackageReference:AXIAL-0.3 from Part R43
Removed Parameter PackageReference:RAD-0.3 from Part C41
Removed Parameter PackageReference:RAD-0.3 from Part C42
Removed Parameter Published:8-Jun-2000 from Part C41
Removed Parameter Published:8-Jun-2000 from Part C42
Removed Parameter Published:8-Jun-2000 from Part R41
Removed Parameter Published:8-Jun-2000 from Part R42
Removed Parameter Published:8-Jun-2000 from Part R43
Removed Parameter Publisher:Altium Limited from Part C41
Removed Parameter Publisher:Altium Limited from Part C42
Removed Parameter Publisher:Altium Limited from Part R41
Removed Parameter Publisher:Altium Limited from Part R42
Removed Parameter Publisher:Altium Limited from Part R43
Removed Parameter Value:1K from Part R41
Removed Parameter Value:1K from Part R42
Removed Parameter Value:1K from Part R43
Removed Parameter Value:100pF from Part C41
Removed Parameter Value:100pF from Part C42
