Removed Parameter Code_JEDEC:DO-214-AB from Part D51
Removed Parameter LatestRevisionDate:17-Jul-2002 from Part D51
Removed Parameter LatestRevisionDate:17-Jul-2002 from Part R501
Removed Parameter LatestRevisionDate:17-Jul-2002 from Part R502
Removed Parameter LatestRevisionDate:17-Jul-2002 from Part R503
Removed Parameter LatestRevisionDate:17-Jul-2002 from Part R504
Removed Parameter LatestRevisionDate:17-Jul-2002 from Part R505
Removed Parameter LatestRevisionDate:17-Jul-2002 from Part R506
Removed Parameter LatestRevisionDate:17-Jul-2002 from Part R507
Removed Parameter LatestRevisionDate:17-Jul-2002 from Part R508
Removed Parameter LatestRevisionDate:17-Jul-2002 from Part R509
Removed Parameter LatestRevisionDate:17-Jul-2002 from Part R510
Removed Parameter LatestRevisionDate:17-Jul-2002 from Part R511
Removed Parameter LatestRevisionDate:17-Jul-2002 from Part R512
Removed Parameter LatestRevisionDate:17-Jul-2002 from Part S1
Removed Parameter LatestRevisionDate:17-Jul-2002 from Part S2
Removed Parameter LatestRevisionDate:17-Jul-2002 from Part S3
Removed Parameter LatestRevisionDate:17-Jul-2002 from Part S4
Removed Parameter LatestRevisionDate:17-Jul-2002 from Part S5
Removed Parameter LatestRevisionDate:17-Jul-2002 from Part S6
Removed Parameter LatestRevisionDate:17-Jul-2002 from Part S7
Removed Parameter LatestRevisionDate:17-Jul-2002 from Part S8
Removed Parameter LatestRevisionDate:17-Jul-2002 from Part S9
Removed Parameter LatestRevisionDate:17-Jul-2002 from Part S10
Removed Parameter LatestRevisionDate:17-Jul-2002 from Part S11
Removed Parameter LatestRevisionDate:17-Jul-2002 from Part S12
Removed Parameter LatestRevisionNote:Re-released for DXP Platform. from Part D51
Removed Parameter LatestRevisionNote:Re-released for DXP Platform. from Part R501
Removed Parameter LatestRevisionNote:Re-released for DXP Platform. from Part R502
Removed Parameter LatestRevisionNote:Re-released for DXP Platform. from Part R503
Removed Parameter LatestRevisionNote:Re-released for DXP Platform. from Part R504
Removed Parameter LatestRevisionNote:Re-released for DXP Platform. from Part R505
Removed Parameter LatestRevisionNote:Re-released for DXP Platform. from Part R506
Removed Parameter LatestRevisionNote:Re-released for DXP Platform. from Part R507
Removed Parameter LatestRevisionNote:Re-released for DXP Platform. from Part R508
Removed Parameter LatestRevisionNote:Re-released for DXP Platform. from Part R509
Removed Parameter LatestRevisionNote:Re-released for DXP Platform. from Part R510
Removed Parameter LatestRevisionNote:Re-released for DXP Platform. from Part R511
Removed Parameter LatestRevisionNote:Re-released for DXP Platform. from Part R512
Removed Parameter LatestRevisionNote:Re-released for DXP Platform. from Part S1
Removed Parameter LatestRevisionNote:Re-released for DXP Platform. from Part S2
Removed Parameter LatestRevisionNote:Re-released for DXP Platform. from Part S3
Removed Parameter LatestRevisionNote:Re-released for DXP Platform. from Part S4
Removed Parameter LatestRevisionNote:Re-released for DXP Platform. from Part S5
Removed Parameter LatestRevisionNote:Re-released for DXP Platform. from Part S6
Removed Parameter LatestRevisionNote:Re-released for DXP Platform. from Part S7
Removed Parameter LatestRevisionNote:Re-released for DXP Platform. from Part S8
Removed Parameter LatestRevisionNote:Re-released for DXP Platform. from Part S9
Removed Parameter LatestRevisionNote:Re-released for DXP Platform. from Part S10
Removed Parameter LatestRevisionNote:Re-released for DXP Platform. from Part S11
Removed Parameter LatestRevisionNote:Re-released for DXP Platform. from Part S12
Removed Parameter PackageDescription:Axial Device, Thru-Hole; 2 Leads; 0.3 in Pin Spacing from Part R501
Removed Parameter PackageDescription:Axial Device, Thru-Hole; 2 Leads; 0.3 in Pin Spacing from Part R502
Removed Parameter PackageDescription:Axial Device, Thru-Hole; 2 Leads; 0.3 in Pin Spacing from Part R503
Removed Parameter PackageDescription:Axial Device, Thru-Hole; 2 Leads; 0.3 in Pin Spacing from Part R504
Removed Parameter PackageDescription:Axial Device, Thru-Hole; 2 Leads; 0.3 in Pin Spacing from Part R505
Removed Parameter PackageDescription:Axial Device, Thru-Hole; 2 Leads; 0.3 in Pin Spacing from Part R506
Removed Parameter PackageDescription:Axial Device, Thru-Hole; 2 Leads; 0.3 in Pin Spacing from Part R507
Removed Parameter PackageDescription:Axial Device, Thru-Hole; 2 Leads; 0.3 in Pin Spacing from Part R508
Removed Parameter PackageDescription:Axial Device, Thru-Hole; 2 Leads; 0.3 in Pin Spacing from Part R509
Removed Parameter PackageDescription:Axial Device, Thru-Hole; 2 Leads; 0.3 in Pin Spacing from Part R510
Removed Parameter PackageDescription:Axial Device, Thru-Hole; 2 Leads; 0.3 in Pin Spacing from Part R511
Removed Parameter PackageDescription:Axial Device, Thru-Hole; 2 Leads; 0.3 in Pin Spacing from Part R512
Removed Parameter PackageDescription:DO-214-AB/SMC; 2 C-Bend Leads; Body 7.9 x 5.9 mm, inc. leads (LxW) from Part D51
Removed Parameter PackageDescription:Switch; 2 Leads from Part S1
Removed Parameter PackageDescription:Switch; 2 Leads from Part S2
Removed Parameter PackageDescription:Switch; 2 Leads from Part S3
Removed Parameter PackageDescription:Switch; 2 Leads from Part S4
Removed Parameter PackageDescription:Switch; 2 Leads from Part S5
Removed Parameter PackageDescription:Switch; 2 Leads from Part S6
Removed Parameter PackageDescription:Switch; 2 Leads from Part S7
Removed Parameter PackageDescription:Switch; 2 Leads from Part S8
Removed Parameter PackageDescription:Switch; 2 Leads from Part S9
Removed Parameter PackageDescription:Switch; 2 Leads from Part S10
Removed Parameter PackageDescription:Switch; 2 Leads from Part S11
Removed Parameter PackageDescription:Switch; 2 Leads from Part S12
Removed Parameter PackageReference:AXIAL-0.3 from Part R501
Removed Parameter PackageReference:AXIAL-0.3 from Part R502
Removed Parameter PackageReference:AXIAL-0.3 from Part R503
Removed Parameter PackageReference:AXIAL-0.3 from Part R504
Removed Parameter PackageReference:AXIAL-0.3 from Part R505
Removed Parameter PackageReference:AXIAL-0.3 from Part R506
Removed Parameter PackageReference:AXIAL-0.3 from Part R507
Removed Parameter PackageReference:AXIAL-0.3 from Part R508
Removed Parameter PackageReference:AXIAL-0.3 from Part R509
Removed Parameter PackageReference:AXIAL-0.3 from Part R510
Removed Parameter PackageReference:AXIAL-0.3 from Part R511
Removed Parameter PackageReference:AXIAL-0.3 from Part R512
Removed Parameter PackageReference:SMC from Part D51
Removed Parameter PackageReference:SPST-2 from Part S1
Removed Parameter PackageReference:SPST-2 from Part S2
Removed Parameter PackageReference:SPST-2 from Part S3
Removed Parameter PackageReference:SPST-2 from Part S4
Removed Parameter PackageReference:SPST-2 from Part S5
Removed Parameter PackageReference:SPST-2 from Part S6
Removed Parameter PackageReference:SPST-2 from Part S7
Removed Parameter PackageReference:SPST-2 from Part S8
Removed Parameter PackageReference:SPST-2 from Part S9
Removed Parameter PackageReference:SPST-2 from Part S10
Removed Parameter PackageReference:SPST-2 from Part S11
Removed Parameter PackageReference:SPST-2 from Part S12
Removed Parameter PackageVersion:Sep-1996 from Part D51
Removed Parameter Published:8-Jun-2000 from Part D51
Removed Parameter Published:8-Jun-2000 from Part R501
Removed Parameter Published:8-Jun-2000 from Part R502
Removed Parameter Published:8-Jun-2000 from Part R503
Removed Parameter Published:8-Jun-2000 from Part R504
Removed Parameter Published:8-Jun-2000 from Part R505
Removed Parameter Published:8-Jun-2000 from Part R506
Removed Parameter Published:8-Jun-2000 from Part R507
Removed Parameter Published:8-Jun-2000 from Part R508
Removed Parameter Published:8-Jun-2000 from Part R509
Removed Parameter Published:8-Jun-2000 from Part R510
Removed Parameter Published:8-Jun-2000 from Part R511
Removed Parameter Published:8-Jun-2000 from Part R512
Removed Parameter Published:24-Mar-1999 from Part S1
Removed Parameter Published:24-Mar-1999 from Part S2
Removed Parameter Published:24-Mar-1999 from Part S3
Removed Parameter Published:24-Mar-1999 from Part S4
Removed Parameter Published:24-Mar-1999 from Part S5
Removed Parameter Published:24-Mar-1999 from Part S6
Removed Parameter Published:24-Mar-1999 from Part S7
Removed Parameter Published:24-Mar-1999 from Part S8
Removed Parameter Published:24-Mar-1999 from Part S9
Removed Parameter Published:24-Mar-1999 from Part S10
Removed Parameter Published:24-Mar-1999 from Part S11
Removed Parameter Published:24-Mar-1999 from Part S12
Removed Parameter Publisher:Altium Limited from Part D51
Removed Parameter Publisher:Altium Limited from Part R501
Removed Parameter Publisher:Altium Limited from Part R502
Removed Parameter Publisher:Altium Limited from Part R503
Removed Parameter Publisher:Altium Limited from Part R504
Removed Parameter Publisher:Altium Limited from Part R505
Removed Parameter Publisher:Altium Limited from Part R506
Removed Parameter Publisher:Altium Limited from Part R507
Removed Parameter Publisher:Altium Limited from Part R508
Removed Parameter Publisher:Altium Limited from Part R509
Removed Parameter Publisher:Altium Limited from Part R510
Removed Parameter Publisher:Altium Limited from Part R511
Removed Parameter Publisher:Altium Limited from Part R512
Removed Parameter Publisher:Altium Limited from Part S1
Removed Parameter Publisher:Altium Limited from Part S2
Removed Parameter Publisher:Altium Limited from Part S3
Removed Parameter Publisher:Altium Limited from Part S4
Removed Parameter Publisher:Altium Limited from Part S5
Removed Parameter Publisher:Altium Limited from Part S6
Removed Parameter Publisher:Altium Limited from Part S7
Removed Parameter Publisher:Altium Limited from Part S8
Removed Parameter Publisher:Altium Limited from Part S9
Removed Parameter Publisher:Altium Limited from Part S10
Removed Parameter Publisher:Altium Limited from Part S11
Removed Parameter Publisher:Altium Limited from Part S12
Removed Parameter Value:1K from Part R501
Removed Parameter Value:1K from Part R502
Removed Parameter Value:1K from Part R503
Removed Parameter Value:1K from Part R504
Removed Parameter Value:1K from Part R505
Removed Parameter Value:1K from Part R506
Removed Parameter Value:1K from Part R507
Removed Parameter Value:1K from Part R508
Removed Parameter Value:1K from Part R509
Removed Parameter Value:1K from Part R510
Removed Parameter Value:1K from Part R511
Removed Parameter Value:1K from Part R512
