Added Parameter Fabricant= to Part D51
Added Parameter Fabricant= to Part R501
Added Parameter Fabricant= to Part R502
Added Parameter Fabricant= to Part R503
Added Parameter Fabricant= to Part R504
Added Parameter Fabricant= to Part R505
Added Parameter Fabricant= to Part R506
Added Parameter Fabricant= to Part R507
Added Parameter Fabricant= to Part R508
Added Parameter Fabricant= to Part R509
Added Parameter Fabricant= to Part R510
Added Parameter Fabricant= to Part R511
Added Parameter Fabricant= to Part R512
Added Parameter Fabricant= to Part S1
Added Parameter Fabricant= to Part S2
Added Parameter Fabricant= to Part S3
Added Parameter Fabricant= to Part S4
Added Parameter Fabricant= to Part S5
Added Parameter Fabricant= to Part S6
Added Parameter Fabricant= to Part S7
Added Parameter Fabricant= to Part S8
Added Parameter Fabricant= to Part S9
Added Parameter Fabricant= to Part S10
Added Parameter Fabricant= to Part S11
Added Parameter Fabricant= to Part S12
Added Parameter Fournisseur= to Part D51
Added Parameter Fournisseur= to Part R501
Added Parameter Fournisseur= to Part R502
Added Parameter Fournisseur= to Part R503
Added Parameter Fournisseur= to Part R504
Added Parameter Fournisseur= to Part R505
Added Parameter Fournisseur= to Part R506
Added Parameter Fournisseur= to Part R507
Added Parameter Fournisseur= to Part R508
Added Parameter Fournisseur= to Part R509
Added Parameter Fournisseur= to Part R510
Added Parameter Fournisseur= to Part R511
Added Parameter Fournisseur= to Part R512
Added Parameter Fournisseur= to Part S1
Added Parameter Fournisseur= to Part S2
Added Parameter Fournisseur= to Part S3
Added Parameter Fournisseur= to Part S4
Added Parameter Fournisseur= to Part S5
Added Parameter Fournisseur= to Part S6
Added Parameter Fournisseur= to Part S7
Added Parameter Fournisseur= to Part S8
Added Parameter Fournisseur= to Part S9
Added Parameter Fournisseur= to Part S10
Added Parameter Fournisseur= to Part S11
Added Parameter Fournisseur= to Part S12
Added Parameter RefFabricant= to Part D51
Added Parameter RefFabricant= to Part R501
Added Parameter RefFabricant= to Part R502
Added Parameter RefFabricant= to Part R503
Added Parameter RefFabricant= to Part R504
Added Parameter RefFabricant= to Part R505
Added Parameter RefFabricant= to Part R506
Added Parameter RefFabricant= to Part R507
Added Parameter RefFabricant= to Part R508
Added Parameter RefFabricant= to Part R509
Added Parameter RefFabricant= to Part R510
Added Parameter RefFabricant= to Part R511
Added Parameter RefFabricant= to Part R512
Added Parameter RefFabricant= to Part S1
Added Parameter RefFabricant= to Part S2
Added Parameter RefFabricant= to Part S3
Added Parameter RefFabricant= to Part S4
Added Parameter RefFabricant= to Part S5
Added Parameter RefFabricant= to Part S6
Added Parameter RefFabricant= to Part S7
Added Parameter RefFabricant= to Part S8
Added Parameter RefFabricant= to Part S9
Added Parameter RefFabricant= to Part S10
Added Parameter RefFabricant= to Part S11
Added Parameter RefFabricant= to Part S12
Added Parameter RefFournisseur= to Part D51
Added Parameter RefFournisseur= to Part R501
Added Parameter RefFournisseur= to Part R502
Added Parameter RefFournisseur= to Part R503
Added Parameter RefFournisseur= to Part R504
Added Parameter RefFournisseur= to Part R505
Added Parameter RefFournisseur= to Part R506
Added Parameter RefFournisseur= to Part R507
Added Parameter RefFournisseur= to Part R508
Added Parameter RefFournisseur= to Part R509
Added Parameter RefFournisseur= to Part R510
Added Parameter RefFournisseur= to Part R511
Added Parameter RefFournisseur= to Part R512
Added Parameter RefFournisseur= to Part S1
Added Parameter RefFournisseur= to Part S2
Added Parameter RefFournisseur= to Part S3
Added Parameter RefFournisseur= to Part S4
Added Parameter RefFournisseur= to Part S5
Added Parameter RefFournisseur= to Part S6
Added Parameter RefFournisseur= to Part S7
Added Parameter RefFournisseur= to Part S8
Added Parameter RefFournisseur= to Part S9
Added Parameter RefFournisseur= to Part S10
Added Parameter RefFournisseur= to Part S11
Added Parameter RefFournisseur= to Part S12
