Added Parameter Fabricant= to Part Cod_1
Added Parameter Fabricant= to Part Cod_2
Added Parameter Fabricant= to Part Cod_3
Added Parameter Fabricant= to Part Cod_4
Added Parameter Fabricant= to Part Cod_5
Added Parameter Fabricant= to Part Cod_6
Added Parameter Fabricant= to Part Cod_7
Added Parameter Fabricant= to Part Cod_8
Added Parameter Fabricant= to Part Cod_9
Added Parameter Fabricant= to Part D61
Added Parameter Fabricant= to Part R61
Added Parameter Fabricant= to Part R62
Added Parameter Fabricant= to Part R63
Added Parameter Fabricant= to Part R64
Added Parameter Fabricant= to Part R65
Added Parameter Fabricant= to Part R66
Added Parameter Fabricant= to Part R67
Added Parameter Fabricant= to Part R68
Added Parameter Fabricant= to Part R69
Added Parameter Fournisseur= to Part Cod_1
Added Parameter Fournisseur= to Part Cod_2
Added Parameter Fournisseur= to Part Cod_3
Added Parameter Fournisseur= to Part Cod_4
Added Parameter Fournisseur= to Part Cod_5
Added Parameter Fournisseur= to Part Cod_6
Added Parameter Fournisseur= to Part Cod_7
Added Parameter Fournisseur= to Part Cod_8
Added Parameter Fournisseur= to Part Cod_9
Added Parameter Fournisseur= to Part D61
Added Parameter Fournisseur= to Part R61
Added Parameter Fournisseur= to Part R62
Added Parameter Fournisseur= to Part R63
Added Parameter Fournisseur= to Part R64
Added Parameter Fournisseur= to Part R65
Added Parameter Fournisseur= to Part R66
Added Parameter Fournisseur= to Part R67
Added Parameter Fournisseur= to Part R68
Added Parameter Fournisseur= to Part R69
Added Parameter RefFabricant= to Part Cod_1
Added Parameter RefFabricant= to Part Cod_2
Added Parameter RefFabricant= to Part Cod_3
Added Parameter RefFabricant= to Part Cod_4
Added Parameter RefFabricant= to Part Cod_5
Added Parameter RefFabricant= to Part Cod_6
Added Parameter RefFabricant= to Part Cod_7
Added Parameter RefFabricant= to Part Cod_8
Added Parameter RefFabricant= to Part Cod_9
Added Parameter RefFabricant= to Part D61
Added Parameter RefFabricant= to Part R61
Added Parameter RefFabricant= to Part R62
Added Parameter RefFabricant= to Part R63
Added Parameter RefFabricant= to Part R64
Added Parameter RefFabricant= to Part R65
Added Parameter RefFabricant= to Part R66
Added Parameter RefFabricant= to Part R67
Added Parameter RefFabricant= to Part R68
Added Parameter RefFabricant= to Part R69
Added Parameter RefFournisseur= to Part Cod_1
Added Parameter RefFournisseur= to Part Cod_2
Added Parameter RefFournisseur= to Part Cod_3
Added Parameter RefFournisseur= to Part Cod_4
Added Parameter RefFournisseur= to Part Cod_5
Added Parameter RefFournisseur= to Part Cod_6
Added Parameter RefFournisseur= to Part Cod_7
Added Parameter RefFournisseur= to Part Cod_8
Added Parameter RefFournisseur= to Part Cod_9
Added Parameter RefFournisseur= to Part D61
Added Parameter RefFournisseur= to Part R61
Added Parameter RefFournisseur= to Part R62
Added Parameter RefFournisseur= to Part R63
Added Parameter RefFournisseur= to Part R64
Added Parameter RefFournisseur= to Part R65
Added Parameter RefFournisseur= to Part R66
Added Parameter RefFournisseur= to Part R67
Added Parameter RefFournisseur= to Part R68
Added Parameter RefFournisseur= to Part R69
