Removed Parameter Code_JEDEC:DO-214-AB from Part D61
Removed Parameter LatestRevisionDate:17-Jul-2002 from Part D61
Removed Parameter LatestRevisionDate:17-Jul-2002 from Part R61
Removed Parameter LatestRevisionDate:17-Jul-2002 from Part R62
Removed Parameter LatestRevisionDate:17-Jul-2002 from Part R63
Removed Parameter LatestRevisionDate:17-Jul-2002 from Part R64
Removed Parameter LatestRevisionDate:17-Jul-2002 from Part R65
Removed Parameter LatestRevisionDate:17-Jul-2002 from Part R66
Removed Parameter LatestRevisionDate:17-Jul-2002 from Part R67
Removed Parameter LatestRevisionDate:17-Jul-2002 from Part R68
Removed Parameter LatestRevisionDate:17-Jul-2002 from Part R69
Removed Parameter LatestRevisionNote:Re-released for DXP Platform. from Part D61
Removed Parameter LatestRevisionNote:Re-released for DXP Platform. from Part R61
Removed Parameter LatestRevisionNote:Re-released for DXP Platform. from Part R62
Removed Parameter LatestRevisionNote:Re-released for DXP Platform. from Part R63
Removed Parameter LatestRevisionNote:Re-released for DXP Platform. from Part R64
Removed Parameter LatestRevisionNote:Re-released for DXP Platform. from Part R65
Removed Parameter LatestRevisionNote:Re-released for DXP Platform. from Part R66
Removed Parameter LatestRevisionNote:Re-released for DXP Platform. from Part R67
Removed Parameter LatestRevisionNote:Re-released for DXP Platform. from Part R68
Removed Parameter LatestRevisionNote:Re-released for DXP Platform. from Part R69
Removed Parameter PackageDescription:Axial Device, Thru-Hole; 2 Leads; 0.3 in Pin Spacing from Part R61
Removed Parameter PackageDescription:Axial Device, Thru-Hole; 2 Leads; 0.3 in Pin Spacing from Part R62
Removed Parameter PackageDescription:Axial Device, Thru-Hole; 2 Leads; 0.3 in Pin Spacing from Part R63
Removed Parameter PackageDescription:Axial Device, Thru-Hole; 2 Leads; 0.3 in Pin Spacing from Part R64
Removed Parameter PackageDescription:Axial Device, Thru-Hole; 2 Leads; 0.3 in Pin Spacing from Part R65
Removed Parameter PackageDescription:Axial Device, Thru-Hole; 2 Leads; 0.3 in Pin Spacing from Part R66
Removed Parameter PackageDescription:Axial Device, Thru-Hole; 2 Leads; 0.3 in Pin Spacing from Part R67
Removed Parameter PackageDescription:Axial Device, Thru-Hole; 2 Leads; 0.3 in Pin Spacing from Part R68
Removed Parameter PackageDescription:Axial Device, Thru-Hole; 2 Leads; 0.3 in Pin Spacing from Part R69
Removed Parameter PackageDescription:DO-214-AB/SMC; 2 C-Bend Leads; Body 7.9 x 5.9 mm, inc. leads (LxW) from Part D61
Removed Parameter PackageReference:AXIAL-0.3 from Part R61
Removed Parameter PackageReference:AXIAL-0.3 from Part R62
Removed Parameter PackageReference:AXIAL-0.3 from Part R63
Removed Parameter PackageReference:AXIAL-0.3 from Part R64
Removed Parameter PackageReference:AXIAL-0.3 from Part R65
Removed Parameter PackageReference:AXIAL-0.3 from Part R66
Removed Parameter PackageReference:AXIAL-0.3 from Part R67
Removed Parameter PackageReference:AXIAL-0.3 from Part R68
Removed Parameter PackageReference:AXIAL-0.3 from Part R69
Removed Parameter PackageReference:SMC from Part D61
Removed Parameter PackageVersion:Sep-1996 from Part D61
Removed Parameter Published:8-Jun-2000 from Part D61
Removed Parameter Published:8-Jun-2000 from Part R61
Removed Parameter Published:8-Jun-2000 from Part R62
Removed Parameter Published:8-Jun-2000 from Part R63
Removed Parameter Published:8-Jun-2000 from Part R64
Removed Parameter Published:8-Jun-2000 from Part R65
Removed Parameter Published:8-Jun-2000 from Part R66
Removed Parameter Published:8-Jun-2000 from Part R67
Removed Parameter Published:8-Jun-2000 from Part R68
Removed Parameter Published:8-Jun-2000 from Part R69
Removed Parameter Publisher:Altium Limited from Part D61
Removed Parameter Publisher:Altium Limited from Part R61
Removed Parameter Publisher:Altium Limited from Part R62
Removed Parameter Publisher:Altium Limited from Part R63
Removed Parameter Publisher:Altium Limited from Part R64
Removed Parameter Publisher:Altium Limited from Part R65
Removed Parameter Publisher:Altium Limited from Part R66
Removed Parameter Publisher:Altium Limited from Part R67
Removed Parameter Publisher:Altium Limited from Part R68
Removed Parameter Publisher:Altium Limited from Part R69
Removed Parameter Value:1K from Part R61
Removed Parameter Value:1K from Part R62
Removed Parameter Value:1K from Part R63
Removed Parameter Value:1K from Part R64
Removed Parameter Value:1K from Part R65
Removed Parameter Value:1K from Part R66
Removed Parameter Value:1K from Part R67
Removed Parameter Value:1K from Part R68
Removed Parameter Value:1K from Part R69
