Added Parameter Fabricant= to Part C71
Added Parameter Fabricant= to Part C72
Added Parameter Fabricant= to Part Cod
Added Parameter Fabricant= to Part R71
Added Parameter Fabricant= to Part R72
Added Parameter Fabricant= to Part R73
Added Parameter Fabricant= to Part R74
Added Parameter Fournisseur= to Part C71
Added Parameter Fournisseur= to Part C72
Added Parameter Fournisseur= to Part Cod
Added Parameter Fournisseur= to Part R71
Added Parameter Fournisseur= to Part R72
Added Parameter Fournisseur= to Part R73
Added Parameter Fournisseur= to Part R74
Added Parameter RefFabricant= to Part C71
Added Parameter RefFabricant= to Part C72
Added Parameter RefFabricant= to Part Cod
Added Parameter RefFabricant= to Part R71
Added Parameter RefFabricant= to Part R72
Added Parameter RefFabricant= to Part R73
Added Parameter RefFabricant= to Part R74
Added Parameter RefFournisseur= to Part C71
Added Parameter RefFournisseur= to Part C72
Added Parameter RefFournisseur= to Part Cod
Added Parameter RefFournisseur= to Part R71
Added Parameter RefFournisseur= to Part R72
Added Parameter RefFournisseur= to Part R73
Added Parameter RefFournisseur= to Part R74
