Removed Parameter LatestRevisionDate:17-Jul-2002 from Part C71
Removed Parameter LatestRevisionDate:17-Jul-2002 from Part C72
Removed Parameter LatestRevisionDate:17-Jul-2002 from Part R71
Removed Parameter LatestRevisionDate:17-Jul-2002 from Part R72
Removed Parameter LatestRevisionDate:17-Jul-2002 from Part R73
Removed Parameter LatestRevisionDate:17-Jul-2002 from Part R74
Removed Parameter LatestRevisionNote:Re-released for DXP Platform. from Part C71
Removed Parameter LatestRevisionNote:Re-released for DXP Platform. from Part C72
Removed Parameter LatestRevisionNote:Re-released for DXP Platform. from Part R71
Removed Parameter LatestRevisionNote:Re-released for DXP Platform. from Part R72
Removed Parameter LatestRevisionNote:Re-released for DXP Platform. from Part R73
Removed Parameter LatestRevisionNote:Re-released for DXP Platform. from Part R74
Removed Parameter PackageDescription:Axial Device, Thru-Hole; 2 Leads; 0.3 in Pin Spacing from Part R71
Removed Parameter PackageDescription:Axial Device, Thru-Hole; 2 Leads; 0.3 in Pin Spacing from Part R72
Removed Parameter PackageDescription:Axial Device, Thru-Hole; 2 Leads; 0.3 in Pin Spacing from Part R73
Removed Parameter PackageDescription:Axial Device, Thru-Hole; 2 Leads; 0.3 in Pin Spacing from Part R74
Removed Parameter PackageDescription:Radial Cap, Thru-Hole; 2 Leads; 0.3 in Pin Spacing from Part C71
Removed Parameter PackageDescription:Radial Cap, Thru-Hole; 2 Leads; 0.3 in Pin Spacing from Part C72
Removed Parameter PackageReference:AXIAL-0.3 from Part R71
Removed Parameter PackageReference:AXIAL-0.3 from Part R72
Removed Parameter PackageReference:AXIAL-0.3 from Part R73
Removed Parameter PackageReference:AXIAL-0.3 from Part R74
Removed Parameter PackageReference:RAD-0.3 from Part C71
Removed Parameter PackageReference:RAD-0.3 from Part C72
Removed Parameter Published:8-Jun-2000 from Part C71
Removed Parameter Published:8-Jun-2000 from Part C72
Removed Parameter Published:8-Jun-2000 from Part R71
Removed Parameter Published:8-Jun-2000 from Part R72
Removed Parameter Published:8-Jun-2000 from Part R73
Removed Parameter Published:8-Jun-2000 from Part R74
Removed Parameter Publisher:Altium Limited from Part C71
Removed Parameter Publisher:Altium Limited from Part C72
Removed Parameter Publisher:Altium Limited from Part R71
Removed Parameter Publisher:Altium Limited from Part R72
Removed Parameter Publisher:Altium Limited from Part R73
Removed Parameter Publisher:Altium Limited from Part R74
Removed Parameter Value:1K from Part R71
Removed Parameter Value:1K from Part R72
Removed Parameter Value:1K from Part R73
Removed Parameter Value:1K from Part R74
Removed Parameter Value:100pF from Part C71
Removed Parameter Value:100pF from Part C72
