Removed Parameter LatestRevisionDate:08-Jul-2005 from Part D1
Removed Parameter LatestRevisionDate:08-Jul-2005 from Part D2
Removed Parameter LatestRevisionDate:08-Jul-2005 from Part D3
Removed Parameter LatestRevisionDate:08-Jul-2005 from Part D4
Removed Parameter LatestRevisionDate:08-Jul-2005 from Part D5
Removed Parameter LatestRevisionDate:08-Jul-2005 from Part D6
Removed Parameter LatestRevisionDate:08-Jul-2005 from Part D7
Removed Parameter LatestRevisionDate:08-Jul-2005 from Part D8
Removed Parameter LatestRevisionNote:Mech Layer 1 removed. from Part D1
Removed Parameter LatestRevisionNote:Mech Layer 1 removed. from Part D2
Removed Parameter LatestRevisionNote:Mech Layer 1 removed. from Part D3
Removed Parameter LatestRevisionNote:Mech Layer 1 removed. from Part D4
Removed Parameter LatestRevisionNote:Mech Layer 1 removed. from Part D5
Removed Parameter LatestRevisionNote:Mech Layer 1 removed. from Part D6
Removed Parameter LatestRevisionNote:Mech Layer 1 removed. from Part D7
Removed Parameter LatestRevisionNote:Mech Layer 1 removed. from Part D8
Removed Parameter PackageDescription:LED; 2 Leads from Part D1
Removed Parameter PackageDescription:LED; 2 Leads from Part D2
Removed Parameter PackageDescription:LED; 2 Leads from Part D3
Removed Parameter PackageDescription:LED; 2 Leads from Part D4
Removed Parameter PackageDescription:LED; 2 Leads from Part D5
Removed Parameter PackageDescription:LED; 2 Leads from Part D6
Removed Parameter PackageDescription:LED; 2 Leads from Part D7
Removed Parameter PackageDescription:LED; 2 Leads from Part D8
Removed Parameter PackageReference:LED-0 from Part D1
Removed Parameter PackageReference:LED-0 from Part D2
Removed Parameter PackageReference:LED-0 from Part D3
Removed Parameter PackageReference:LED-0 from Part D4
Removed Parameter PackageReference:LED-0 from Part D5
Removed Parameter PackageReference:LED-0 from Part D6
Removed Parameter PackageReference:LED-0 from Part D7
Removed Parameter PackageReference:LED-0 from Part D8
Removed Parameter Published:8-Jun-2000 from Part D1
Removed Parameter Published:8-Jun-2000 from Part D2
Removed Parameter Published:8-Jun-2000 from Part D3
Removed Parameter Published:8-Jun-2000 from Part D4
Removed Parameter Published:8-Jun-2000 from Part D5
Removed Parameter Published:8-Jun-2000 from Part D6
Removed Parameter Published:8-Jun-2000 from Part D7
Removed Parameter Published:8-Jun-2000 from Part D8
Removed Parameter Publisher:Altium Limited from Part D1
Removed Parameter Publisher:Altium Limited from Part D2
Removed Parameter Publisher:Altium Limited from Part D3
Removed Parameter Publisher:Altium Limited from Part D4
Removed Parameter Publisher:Altium Limited from Part D5
Removed Parameter Publisher:Altium Limited from Part D6
Removed Parameter Publisher:Altium Limited from Part D7
Removed Parameter Publisher:Altium Limited from Part D8
