Removed Parameter LatestRevisionDate:17-Jul-2002 from Part C91
Removed Parameter LatestRevisionDate:17-Jul-2002 from Part C92
Removed Parameter LatestRevisionDate:17-Jul-2002 from Part RP91
Removed Parameter LatestRevisionNote:Re-released for DXP Platform. from Part C91
Removed Parameter LatestRevisionNote:Re-released for DXP Platform. from Part C92
Removed Parameter LatestRevisionNote:Re-released for DXP Platform. from Part RP91
Removed Parameter PackageDescription:Radial Cap, Thru-Hole; 2 Leads; 0.3 in Pin Spacing from Part C91
Removed Parameter PackageDescription:Radial Cap, Thru-Hole; 2 Leads; 0.3 in Pin Spacing from Part C92
Removed Parameter PackageDescription:Variable Resistor, Thru-Hole; 3 Leads from Part RP91
Removed Parameter PackageReference:RAD-0.3 from Part C91
Removed Parameter PackageReference:RAD-0.3 from Part C92
Removed Parameter PackageReference:VR5 from Part RP91
Removed Parameter Published:8-Jun-2000 from Part C91
Removed Parameter Published:8-Jun-2000 from Part C92
Removed Parameter Published:8-Jun-2000 from Part RP91
Removed Parameter Publisher:Altium Limited from Part C91
Removed Parameter Publisher:Altium Limited from Part C92
Removed Parameter Publisher:Altium Limited from Part RP91
Removed Parameter Set Position:0.5 from Part RP91
Removed Parameter Sim Note:Enter the Resistance value and the set point into parameter fields. from Part RP91
Removed Parameter Value:1K from Part RP91
Removed Parameter Value:100pF from Part C91
Removed Parameter Value:100pF from Part C92
