Removed Pin From Net: NetName=NetC71_1_2 Pin=Cod_1-A
Removed Pin From Net: NetName=NetC72_1_1 Pin=Cod_1-B
Removed Pin From Net: NetName=GND Pin=Cod_1-C
Removed Pin From Net: NetName=NetC71_2_2 Pin=Cod_2-A
Removed Pin From Net: NetName=NetC72_2_1 Pin=Cod_2-B
Removed Pin From Net: NetName=GND Pin=Cod_2-C
Removed Pin From Net: NetName=NetC71_3_2 Pin=Cod_3-A
Removed Pin From Net: NetName=NetC72_3_1 Pin=Cod_3-B
Removed Pin From Net: NetName=GND Pin=Cod_3-C
Removed Pin From Net: NetName=NetC71_4_2 Pin=Cod_4-A
Removed Pin From Net: NetName=NetC72_4_1 Pin=Cod_4-B
Removed Pin From Net: NetName=GND Pin=Cod_4-C
Removed Pin From Net: NetName=NetC71_5_2 Pin=Cod_5-A
Removed Pin From Net: NetName=NetC72_5_1 Pin=Cod_5-B
Removed Pin From Net: NetName=GND Pin=Cod_5-C
Removed Pin From Net: NetName=NetC71_6_2 Pin=Cod_6-A
Removed Pin From Net: NetName=NetC72_6_1 Pin=Cod_6-B
Removed Pin From Net: NetName=GND Pin=Cod_6-C
Removed Pin From Net: NetName=NetC71_7_2 Pin=Cod_7-A
Removed Pin From Net: NetName=NetC72_7_1 Pin=Cod_7-B
Removed Pin From Net: NetName=GND Pin=Cod_7-C
Removed Pin From Net: NetName=NetC71_8_2 Pin=Cod_8-A
Removed Pin From Net: NetName=NetC72_8_1 Pin=Cod_8-B
Removed Pin From Net: NetName=GND Pin=Cod_8-C
Removed Pin From Net: NetName=NetC71_9_2 Pin=Cod_9-A
Removed Pin From Net: NetName=NetC72_9_1 Pin=Cod_9-B
Removed Pin From Net: NetName=GND Pin=Cod_9-C
Change Component Footprint: Designator=D1_LedsPart1 Old Footprint=LED-5MM New Footprint=LED-3mm
Change Component Footprint: Designator=D1_LedsPart2 Old Footprint=LED-5MM New Footprint=LED-3mm
Change Component Footprint: Designator=D1_LedsPart3 Old Footprint=LED-5MM New Footprint=LED-3mm
Change Component Footprint: Designator=D1_LedsPart4 Old Footprint=LED-5MM New Footprint=LED-3mm
Change Component Footprint: Designator=D2_LedsPart1 Old Footprint=LED-5MM New Footprint=LED-3mm
Change Component Footprint: Designator=D2_LedsPart2 Old Footprint=LED-5MM New Footprint=LED-3mm
Change Component Footprint: Designator=D2_LedsPart3 Old Footprint=LED-5MM New Footprint=LED-3mm
Change Component Footprint: Designator=D2_LedsPart4 Old Footprint=LED-5MM New Footprint=LED-3mm
Change Component Footprint: Designator=D3_LedsPart1 Old Footprint=LED-5MM New Footprint=LED-3mm
Change Component Footprint: Designator=D3_LedsPart2 Old Footprint=LED-5MM New Footprint=LED-3mm
Change Component Footprint: Designator=D3_LedsPart3 Old Footprint=LED-5MM New Footprint=LED-3mm
Change Component Footprint: Designator=D3_LedsPart4 Old Footprint=LED-5MM New Footprint=LED-3mm
Change Component Footprint: Designator=D4_LedsPart1 Old Footprint=LED-5MM New Footprint=LED-3mm
Change Component Footprint: Designator=D4_LedsPart2 Old Footprint=LED-5MM New Footprint=LED-3mm
Change Component Footprint: Designator=D4_LedsPart3 Old Footprint=LED-5MM New Footprint=LED-3mm
Change Component Footprint: Designator=D4_LedsPart4 Old Footprint=LED-5MM New Footprint=LED-3mm
Change Component Footprint: Designator=D5_LedsPart1 Old Footprint=LED-5MM New Footprint=LED-3mm
Change Component Footprint: Designator=D5_LedsPart2 Old Footprint=LED-5MM New Footprint=LED-3mm
Change Component Footprint: Designator=D5_LedsPart3 Old Footprint=LED-5MM New Footprint=LED-3mm
Change Component Footprint: Designator=D5_LedsPart4 Old Footprint=LED-5MM New Footprint=LED-3mm
Change Component Footprint: Designator=D6_LedsPart1 Old Footprint=LED-5MM New Footprint=LED-3mm
Change Component Footprint: Designator=D6_LedsPart2 Old Footprint=LED-5MM New Footprint=LED-3mm
Change Component Footprint: Designator=D6_LedsPart3 Old Footprint=LED-5MM New Footprint=LED-3mm
Change Component Footprint: Designator=D6_LedsPart4 Old Footprint=LED-5MM New Footprint=LED-3mm
Change Component Footprint: Designator=D7_LedsPart1 Old Footprint=LED-5MM New Footprint=LED-3mm
Change Component Footprint: Designator=D7_LedsPart2 Old Footprint=LED-5MM New Footprint=LED-3mm
Change Component Footprint: Designator=D7_LedsPart3 Old Footprint=LED-5MM New Footprint=LED-3mm
Change Component Footprint: Designator=D7_LedsPart4 Old Footprint=LED-5MM New Footprint=LED-3mm
Change Component Footprint: Designator=D8_LedsPart1 Old Footprint=LED-5MM New Footprint=LED-3mm
Change Component Footprint: Designator=D8_LedsPart2 Old Footprint=LED-5MM New Footprint=LED-3mm
Change Component Footprint: Designator=D8_LedsPart3 Old Footprint=LED-5MM New Footprint=LED-3mm
Change Component Footprint: Designator=D8_LedsPart4 Old Footprint=LED-5MM New Footprint=LED-3mm
Added Pin To Net: NetName=NetC71_1_2 Pin=Cod_1-A
Added Pin To Net: NetName=NetC72_1_1 Pin=Cod_1-B
Added Pin To Net: NetName=GND Pin=Cod_1-C
Added Pin To Net: NetName=NetC71_2_2 Pin=Cod_2-A
Added Pin To Net: NetName=NetC72_2_1 Pin=Cod_2-B
Added Pin To Net: NetName=GND Pin=Cod_2-C
Added Pin To Net: NetName=NetC71_3_2 Pin=Cod_3-A
Added Pin To Net: NetName=NetC72_3_1 Pin=Cod_3-B
Added Pin To Net: NetName=GND Pin=Cod_3-C
Added Pin To Net: NetName=NetC71_4_2 Pin=Cod_4-A
Added Pin To Net: NetName=NetC72_4_1 Pin=Cod_4-B
Added Pin To Net: NetName=GND Pin=Cod_4-C
Added Pin To Net: NetName=NetC71_5_2 Pin=Cod_5-A
Added Pin To Net: NetName=NetC72_5_1 Pin=Cod_5-B
Added Pin To Net: NetName=GND Pin=Cod_5-C
Added Pin To Net: NetName=NetC71_6_2 Pin=Cod_6-A
Added Pin To Net: NetName=NetC72_6_1 Pin=Cod_6-B
Added Pin To Net: NetName=GND Pin=Cod_6-C
Added Pin To Net: NetName=NetC71_7_2 Pin=Cod_7-A
Added Pin To Net: NetName=NetC72_7_1 Pin=Cod_7-B
Added Pin To Net: NetName=GND Pin=Cod_7-C
Added Pin To Net: NetName=NetC71_8_2 Pin=Cod_8-A
Added Pin To Net: NetName=NetC72_8_1 Pin=Cod_8-B
Added Pin To Net: NetName=GND Pin=Cod_8-C
Added Pin To Net: NetName=NetC71_9_2 Pin=Cod_9-A
Added Pin To Net: NetName=NetC72_9_1 Pin=Cod_9-B
Added Pin To Net: NetName=GND Pin=Cod_9-C
Added Member To Class: ClassName=LedsPart3 Member=Component D1_LedsPart3 (D1) LED
Added Member To Class: ClassName=PadsPart2 Member=Component S5_PadsPart2 (S5) SW-PB
Added Room: Name=1
Added Room: Name=2
Added Room: Name=3
Added Room: Name=4
Added Room: Name=5
Added Room: Name=6
Added Room: Name=7
Added Room: Name=8
Added Room: Name=9
Added Room: Name=CoderSwitches
Added Room: Name=HT16
Added Room: Name=LedsPart1
Added Room: Name=LedsPart2
Added Room: Name=LedsPart3
Added Room: Name=LedsPart4
Added Room: Name=MCP1
Added Room: Name=MCP2
Added Room: Name=MEM
Added Room: Name=PadsPart1
Added Room: Name=PadsPart2
Added Room: Name=PWR
Added Room: Name=Screen
Added Room: Name=uC
