Removed Pin From Net: NetName=NetC71_1_2 Pin=Cod_1-A
Removed Pin From Net: NetName=NetC72_1_1 Pin=Cod_1-B
Removed Pin From Net: NetName=GND Pin=Cod_1-C
Removed Pin From Net: NetName=NetC71_2_2 Pin=Cod_2-A
Removed Pin From Net: NetName=NetC72_2_1 Pin=Cod_2-B
Removed Pin From Net: NetName=GND Pin=Cod_2-C
Removed Pin From Net: NetName=NetC71_3_2 Pin=Cod_3-A
Removed Pin From Net: NetName=NetC72_3_1 Pin=Cod_3-B
Removed Pin From Net: NetName=GND Pin=Cod_3-C
Removed Pin From Net: NetName=NetC71_4_2 Pin=Cod_4-A
Removed Pin From Net: NetName=NetC72_4_1 Pin=Cod_4-B
Removed Pin From Net: NetName=GND Pin=Cod_4-C
Removed Pin From Net: NetName=NetC71_5_2 Pin=Cod_5-A
Removed Pin From Net: NetName=NetC72_5_1 Pin=Cod_5-B
Removed Pin From Net: NetName=GND Pin=Cod_5-C
Removed Pin From Net: NetName=NetC71_6_2 Pin=Cod_6-A
Removed Pin From Net: NetName=NetC72_6_1 Pin=Cod_6-B
Removed Pin From Net: NetName=GND Pin=Cod_6-C
Removed Pin From Net: NetName=NetC71_7_2 Pin=Cod_7-A
Removed Pin From Net: NetName=NetC72_7_1 Pin=Cod_7-B
Removed Pin From Net: NetName=GND Pin=Cod_7-C
Removed Pin From Net: NetName=NetC71_8_2 Pin=Cod_8-A
Removed Pin From Net: NetName=NetC72_8_1 Pin=Cod_8-B
Removed Pin From Net: NetName=GND Pin=Cod_8-C
Removed Pin From Net: NetName=NetC71_9_2 Pin=Cod_9-A
Removed Pin From Net: NetName=NetC72_9_1 Pin=Cod_9-B
Removed Pin From Net: NetName=GND Pin=Cod_9-C
Added Component: Designator=S1_PadsPart1(PAD)
Added Component: Designator=S1_PadsPart2(PAD)
Added Component: Designator=S2_PadsPart1(PAD)
Added Component: Designator=S2_PadsPart2(PAD)
Added Component: Designator=S3_PadsPart1(PAD)
Added Component: Designator=S3_PadsPart2(PAD)
Added Component: Designator=S4_PadsPart1(PAD)
Added Component: Designator=S4_PadsPart2(PAD)
Added Component: Designator=S5_PadsPart1(PAD)
Added Component: Designator=S5_PadsPart2(PAD)
Added Component: Designator=S6_PadsPart1(PAD)
Added Component: Designator=S6_PadsPart2(PAD)
Added Component: Designator=S7_PadsPart1(PAD)
Added Component: Designator=S7_PadsPart2(PAD)
Added Component: Designator=S8_PadsPart1(PAD)
Added Component: Designator=S8_PadsPart2(PAD)
Added Component: Designator=S9_PadsPart1(PAD)
Added Component: Designator=S9_PadsPart2(PAD)
Added Component: Designator=S10_PadsPart1(PAD)
Added Component: Designator=S10_PadsPart2(PAD)
Added Component: Designator=S11_PadsPart1(PAD)
Added Component: Designator=S11_PadsPart2(PAD)
Added Component: Designator=S12_PadsPart1(PAD)
Added Component: Designator=S12_PadsPart2(PAD)
Added Pin To Net: NetName=NetC71_1_2 Pin=Cod_1-A
Added Pin To Net: NetName=NetC72_1_1 Pin=Cod_1-B
Added Pin To Net: NetName=GND Pin=Cod_1-C
Added Pin To Net: NetName=NetC71_2_2 Pin=Cod_2-A
Added Pin To Net: NetName=NetC72_2_1 Pin=Cod_2-B
Added Pin To Net: NetName=GND Pin=Cod_2-C
Added Pin To Net: NetName=NetC71_3_2 Pin=Cod_3-A
Added Pin To Net: NetName=NetC72_3_1 Pin=Cod_3-B
Added Pin To Net: NetName=GND Pin=Cod_3-C
Added Pin To Net: NetName=NetC71_4_2 Pin=Cod_4-A
Added Pin To Net: NetName=NetC72_4_1 Pin=Cod_4-B
Added Pin To Net: NetName=GND Pin=Cod_4-C
Added Pin To Net: NetName=NetC71_5_2 Pin=Cod_5-A
Added Pin To Net: NetName=NetC72_5_1 Pin=Cod_5-B
Added Pin To Net: NetName=GND Pin=Cod_5-C
Added Pin To Net: NetName=NetC71_6_2 Pin=Cod_6-A
Added Pin To Net: NetName=NetC72_6_1 Pin=Cod_6-B
Added Pin To Net: NetName=GND Pin=Cod_6-C
Added Pin To Net: NetName=NetC71_7_2 Pin=Cod_7-A
Added Pin To Net: NetName=NetC72_7_1 Pin=Cod_7-B
Added Pin To Net: NetName=GND Pin=Cod_7-C
Added Pin To Net: NetName=NetC71_8_2 Pin=Cod_8-A
Added Pin To Net: NetName=NetC72_8_1 Pin=Cod_8-B
Added Pin To Net: NetName=GND Pin=Cod_8-C
Added Pin To Net: NetName=NetC71_9_2 Pin=Cod_9-A
Added Pin To Net: NetName=NetC72_9_1 Pin=Cod_9-B
Added Pin To Net: NetName=GND Pin=Cod_9-C
Added Pin To Net: NetName=NetD51_PadsPart1_2 Pin=S1_PadsPart1-1
Added Pin To Net: NetName=NetR501_PadsPart1_2 Pin=S1_PadsPart1-2
Added Pin To Net: NetName=NetD51_PadsPart2_2 Pin=S1_PadsPart2-1
Added Pin To Net: NetName=NetR501_PadsPart2_2 Pin=S1_PadsPart2-2
Added Pin To Net: NetName=NetD51_PadsPart1_2 Pin=S2_PadsPart1-1
Added Pin To Net: NetName=NetR502_PadsPart1_2 Pin=S2_PadsPart1-2
Added Pin To Net: NetName=NetD51_PadsPart2_2 Pin=S2_PadsPart2-1
Added Pin To Net: NetName=NetR502_PadsPart2_2 Pin=S2_PadsPart2-2
Added Pin To Net: NetName=NetD51_PadsPart1_2 Pin=S3_PadsPart1-1
Added Pin To Net: NetName=NetR503_PadsPart1_2 Pin=S3_PadsPart1-2
Added Pin To Net: NetName=NetD51_PadsPart2_2 Pin=S3_PadsPart2-1
Added Pin To Net: NetName=NetR503_PadsPart2_2 Pin=S3_PadsPart2-2
Added Pin To Net: NetName=NetD51_PadsPart1_2 Pin=S4_PadsPart1-1
Added Pin To Net: NetName=NetR504_PadsPart1_2 Pin=S4_PadsPart1-2
Added Pin To Net: NetName=NetD51_PadsPart2_2 Pin=S4_PadsPart2-1
Added Pin To Net: NetName=NetR504_PadsPart2_2 Pin=S4_PadsPart2-2
Added Pin To Net: NetName=NetD51_PadsPart1_2 Pin=S5_PadsPart1-1
Added Pin To Net: NetName=NetR505_PadsPart1_2 Pin=S5_PadsPart1-2
Added Pin To Net: NetName=NetD51_PadsPart2_2 Pin=S5_PadsPart2-1
Added Pin To Net: NetName=NetR505_PadsPart2_2 Pin=S5_PadsPart2-2
Added Pin To Net: NetName=NetD51_PadsPart1_2 Pin=S6_PadsPart1-1
Added Pin To Net: NetName=NetR506_PadsPart1_2 Pin=S6_PadsPart1-2
Added Pin To Net: NetName=NetD51_PadsPart2_2 Pin=S6_PadsPart2-1
Added Pin To Net: NetName=NetR506_PadsPart2_2 Pin=S6_PadsPart2-2
Added Pin To Net: NetName=NetD51_PadsPart1_2 Pin=S7_PadsPart1-1
Added Pin To Net: NetName=NetR507_PadsPart1_2 Pin=S7_PadsPart1-2
Added Pin To Net: NetName=NetD51_PadsPart2_2 Pin=S7_PadsPart2-1
Added Pin To Net: NetName=NetR507_PadsPart2_2 Pin=S7_PadsPart2-2
Added Pin To Net: NetName=NetD51_PadsPart1_2 Pin=S8_PadsPart1-1
Added Pin To Net: NetName=NetR508_PadsPart1_2 Pin=S8_PadsPart1-2
Added Pin To Net: NetName=NetD51_PadsPart2_2 Pin=S8_PadsPart2-1
Added Pin To Net: NetName=NetR508_PadsPart2_2 Pin=S8_PadsPart2-2
Added Pin To Net: NetName=NetD51_PadsPart1_2 Pin=S9_PadsPart1-1
Added Pin To Net: NetName=NetR509_PadsPart1_2 Pin=S9_PadsPart1-2
Added Pin To Net: NetName=NetD51_PadsPart2_2 Pin=S9_PadsPart2-1
Added Pin To Net: NetName=NetR509_PadsPart2_2 Pin=S9_PadsPart2-2
Added Pin To Net: NetName=NetD51_PadsPart1_2 Pin=S10_PadsPart1-1
Added Pin To Net: NetName=NetR510_PadsPart1_2 Pin=S10_PadsPart1-2
Added Pin To Net: NetName=NetD51_PadsPart2_2 Pin=S10_PadsPart2-1
Added Pin To Net: NetName=NetR510_PadsPart2_2 Pin=S10_PadsPart2-2
Added Pin To Net: NetName=NetD51_PadsPart1_2 Pin=S11_PadsPart1-1
Added Pin To Net: NetName=NetR511_PadsPart1_2 Pin=S11_PadsPart1-2
Added Pin To Net: NetName=NetD51_PadsPart2_2 Pin=S11_PadsPart2-1
Added Pin To Net: NetName=NetR511_PadsPart2_2 Pin=S11_PadsPart2-2
Added Pin To Net: NetName=NetD51_PadsPart1_2 Pin=S12_PadsPart1-1
Added Pin To Net: NetName=NetR512_PadsPart1_2 Pin=S12_PadsPart1-2
Added Pin To Net: NetName=NetD51_PadsPart2_2 Pin=S12_PadsPart2-1
Added Pin To Net: NetName=NetR512_PadsPart2_2 Pin=S12_PadsPart2-2
Added Member To Class: ClassName=PadsPart1 Member=Component S1_PadsPart1 (S1) SW-PB
Added Member To Class: ClassName=PadsPart2 Member=Component S1_PadsPart2 (S1) SW-PB
Added Member To Class: ClassName=PadsPart1 Member=Component S2_PadsPart1 (S2) SW-PB
Added Member To Class: ClassName=PadsPart2 Member=Component S2_PadsPart2 (S2) SW-PB
Added Member To Class: ClassName=PadsPart1 Member=Component S3_PadsPart1 (S3) SW-PB
Added Member To Class: ClassName=PadsPart2 Member=Component S3_PadsPart2 (S3) SW-PB
Added Member To Class: ClassName=PadsPart1 Member=Component S4_PadsPart1 (S4) SW-PB
Added Member To Class: ClassName=PadsPart2 Member=Component S4_PadsPart2 (S4) SW-PB
Added Member To Class: ClassName=PadsPart1 Member=Component S5_PadsPart1 (S5) SW-PB
Added Member To Class: ClassName=PadsPart2 Member=Component S5_PadsPart2 (S5) SW-PB
Added Member To Class: ClassName=PadsPart1 Member=Component S6_PadsPart1 (S6) SW-PB
Added Member To Class: ClassName=PadsPart2 Member=Component S6_PadsPart2 (S6) SW-PB
Added Member To Class: ClassName=PadsPart1 Member=Component S7_PadsPart1 (S7) SW-PB
Added Member To Class: ClassName=PadsPart2 Member=Component S7_PadsPart2 (S7) SW-PB
Added Member To Class: ClassName=PadsPart1 Member=Component S8_PadsPart1 (S8) SW-PB
Added Member To Class: ClassName=PadsPart2 Member=Component S8_PadsPart2 (S8) SW-PB
Added Member To Class: ClassName=PadsPart1 Member=Component S9_PadsPart1 (S9) SW-PB
Added Member To Class: ClassName=PadsPart2 Member=Component S9_PadsPart2 (S9) SW-PB
Added Member To Class: ClassName=PadsPart1 Member=Component S10_PadsPart1 (S10) SW-PB
Added Member To Class: ClassName=PadsPart2 Member=Component S10_PadsPart2 (S10) SW-PB
Added Member To Class: ClassName=PadsPart1 Member=Component S11_PadsPart1 (S11) SW-PB
Added Member To Class: ClassName=PadsPart2 Member=Component S11_PadsPart2 (S11) SW-PB
Added Member To Class: ClassName=PadsPart1 Member=Component S12_PadsPart1 (S12) SW-PB
Added Member To Class: ClassName=PadsPart2 Member=Component S12_PadsPart2 (S12) SW-PB
Added Room: Name=1
Added Room: Name=2
Added Room: Name=3
Added Room: Name=4
Added Room: Name=5
Added Room: Name=6
Added Room: Name=7
Added Room: Name=8
Added Room: Name=9
Added Room: Name=CoderSwitches
Added Room: Name=HT16
Added Room: Name=LedsPart1
Added Room: Name=LedsPart2
Added Room: Name=LedsPart3
Added Room: Name=LedsPart4
Added Room: Name=MCP1
Added Room: Name=MCP2
Added Room: Name=MEM
Added Room: Name=PadsPart1
Added Room: Name=PadsPart2
Added Room: Name=PWR
Added Room: Name=Screen
Added Room: Name=uC
