Removed Pin From Net: NetName=NetC71_1_2 Pin=Cod_1-A
Removed Pin From Net: NetName=NetC72_1_1 Pin=Cod_1-B
Removed Pin From Net: NetName=GND Pin=Cod_1-C
Removed Pin From Net: NetName=NetC71_2_2 Pin=Cod_2-A
Removed Pin From Net: NetName=NetC72_2_1 Pin=Cod_2-B
Removed Pin From Net: NetName=GND Pin=Cod_2-C
Removed Pin From Net: NetName=NetC71_3_2 Pin=Cod_3-A
Removed Pin From Net: NetName=NetC72_3_1 Pin=Cod_3-B
Removed Pin From Net: NetName=GND Pin=Cod_3-C
Removed Pin From Net: NetName=NetC71_4_2 Pin=Cod_4-A
Removed Pin From Net: NetName=NetC72_4_1 Pin=Cod_4-B
Removed Pin From Net: NetName=GND Pin=Cod_4-C
Removed Pin From Net: NetName=NetC71_5_2 Pin=Cod_5-A
Removed Pin From Net: NetName=NetC72_5_1 Pin=Cod_5-B
Removed Pin From Net: NetName=GND Pin=Cod_5-C
Removed Pin From Net: NetName=NetC71_6_2 Pin=Cod_6-A
Removed Pin From Net: NetName=NetC72_6_1 Pin=Cod_6-B
Removed Pin From Net: NetName=GND Pin=Cod_6-C
Removed Pin From Net: NetName=NetC71_7_2 Pin=Cod_7-A
Removed Pin From Net: NetName=NetC72_7_1 Pin=Cod_7-B
Removed Pin From Net: NetName=GND Pin=Cod_7-C
Removed Pin From Net: NetName=NetC71_8_2 Pin=Cod_8-A
Removed Pin From Net: NetName=NetC72_8_1 Pin=Cod_8-B
Removed Pin From Net: NetName=GND Pin=Cod_8-C
Removed Pin From Net: NetName=NetC71_9_2 Pin=Cod_9-A
Removed Pin From Net: NetName=NetC72_9_1 Pin=Cod_9-B
Removed Pin From Net: NetName=GND Pin=Cod_9-C
Added Component: Designator=P3(SDAMB-01215BT00)
Added Pin To Net: NetName=NetC71_1_2 Pin=Cod_1-A
Added Pin To Net: NetName=NetC72_1_1 Pin=Cod_1-B
Added Pin To Net: NetName=GND Pin=Cod_1-C
Added Pin To Net: NetName=NetC71_2_2 Pin=Cod_2-A
Added Pin To Net: NetName=NetC72_2_1 Pin=Cod_2-B
Added Pin To Net: NetName=GND Pin=Cod_2-C
Added Pin To Net: NetName=NetC71_3_2 Pin=Cod_3-A
Added Pin To Net: NetName=NetC72_3_1 Pin=Cod_3-B
Added Pin To Net: NetName=GND Pin=Cod_3-C
Added Pin To Net: NetName=NetC71_4_2 Pin=Cod_4-A
Added Pin To Net: NetName=NetC72_4_1 Pin=Cod_4-B
Added Pin To Net: NetName=GND Pin=Cod_4-C
Added Pin To Net: NetName=NetC71_5_2 Pin=Cod_5-A
Added Pin To Net: NetName=NetC72_5_1 Pin=Cod_5-B
Added Pin To Net: NetName=GND Pin=Cod_5-C
Added Pin To Net: NetName=NetC71_6_2 Pin=Cod_6-A
Added Pin To Net: NetName=NetC72_6_1 Pin=Cod_6-B
Added Pin To Net: NetName=GND Pin=Cod_6-C
Added Pin To Net: NetName=NetC71_7_2 Pin=Cod_7-A
Added Pin To Net: NetName=NetC72_7_1 Pin=Cod_7-B
Added Pin To Net: NetName=GND Pin=Cod_7-C
Added Pin To Net: NetName=NetC71_8_2 Pin=Cod_8-A
Added Pin To Net: NetName=NetC72_8_1 Pin=Cod_8-B
Added Pin To Net: NetName=GND Pin=Cod_8-C
Added Pin To Net: NetName=NetC71_9_2 Pin=Cod_9-A
Added Pin To Net: NetName=NetC72_9_1 Pin=Cod_9-B
Added Pin To Net: NetName=GND Pin=Cod_9-C
Added Pin To Net: NetName=GND Pin=P3-0
Added Pin To Net: NetName=GND Pin=P3-0
Added Pin To Net: NetName=GND Pin=P3-0
Added Pin To Net: NetName=GND Pin=P3-0
Added Pin To Net: NetName=/CS SD Pin=P3-1
Added Pin To Net: NetName=MOSI Pin=P3-2
Added Pin To Net: NetName=GND Pin=P3-3
Added Pin To Net: NetName=3.3V Pin=P3-4
Added Pin To Net: NetName=SCK Pin=P3-5
Added Pin To Net: NetName=GND Pin=P3-6
Added Pin To Net: NetName=MISO Pin=P3-7
Added Pin To Net: NetName=NetP3_8 Pin=P3-8
Added Pin To Net: NetName=NetP3_9 Pin=P3-9
Added Member To Class: ClassName=MEM Member=Component P3 SDAMB-01215BT00
