Added Member To Class: ClassName=PWR Member=Component C1 470uF
Added Member To Class: ClassName=PWR Member=Component C2 100nF
Added Member To Class: ClassName=PWR Member=Component C3 10uF
Added Member To Class: ClassName=PWR Member=Component C4 100uF
Added Member To Class: ClassName=PWR Member=Component C5 100nF
Added Member To Class: ClassName=PWR Member=Component C6 470uF
Added Member To Class: ClassName=PWR Member=Component C7 100nF
Added Member To Class: ClassName=PWR Member=Component C8 10uF
Added Member To Class: ClassName=PWR Member=Component C9 100uF
Added Member To Class: ClassName=PWR Member=Component C10 100nF
Added Member To Class: ClassName=MCP1 Member=Component C21_MCP1 (C21) 10uF
Added Member To Class: ClassName=MCP2 Member=Component C21_MCP2 (C21) 10uF
Added Member To Class: ClassName=MCP1 Member=Component C22_MCP1 (C22) 100nF
Added Member To Class: ClassName=MCP2 Member=Component C22_MCP2 (C22) 100nF
Added Member To Class: ClassName=HT16 Member=Component C31 10uF
Added Member To Class: ClassName=HT16 Member=Component C32 100nF
Added Member To Class: ClassName=HT16 Member=Component C33 10uF
Added Member To Class: ClassName=HT16 Member=Component C34 10uF
Added Member To Class: ClassName=HT16 Member=Component C35 10uF
Added Member To Class: ClassName=HT16 Member=Component C36 10uF
Added Member To Class: ClassName=MEM Member=Component C41 10uF
Added Member To Class: ClassName=MEM Member=Component C42 100nF
Added Member To Class: ClassName=COD1 Member=Component C71_COD1 (C71) 10nF
Added Member To Class: ClassName=COD2 Member=Component C71_COD2 (C71) 10nF
Added Member To Class: ClassName=COD3 Member=Component C71_COD3 (C71) 10nF
Added Member To Class: ClassName=COD4 Member=Component C71_COD4 (C71) 10nF
Added Member To Class: ClassName=COD5 Member=Component C71_COD5 (C71) 10nF
Added Member To Class: ClassName=COD6 Member=Component C71_COD6 (C71) 10nF
Added Member To Class: ClassName=COD7 Member=Component C71_COD7 (C71) 10nF
Added Member To Class: ClassName=COD8 Member=Component C71_COD8 (C71) 10nF
Added Member To Class: ClassName=COD 9 Member=Component C71_COD 9 (C71) 10nF
Added Member To Class: ClassName=COD1 Member=Component C72_COD1 (C72) 10nF
Added Member To Class: ClassName=COD2 Member=Component C72_COD2 (C72) 10nF
Added Member To Class: ClassName=COD3 Member=Component C72_COD3 (C72) 10nF
Added Member To Class: ClassName=COD4 Member=Component C72_COD4 (C72) 10nF
Added Member To Class: ClassName=COD5 Member=Component C72_COD5 (C72) 10nF
Added Member To Class: ClassName=COD6 Member=Component C72_COD6 (C72) 10nF
Added Member To Class: ClassName=COD7 Member=Component C72_COD7 (C72) 10nF
Added Member To Class: ClassName=COD8 Member=Component C72_COD8 (C72) 10nF
Added Member To Class: ClassName=COD 9 Member=Component C72_COD 9 (C72) 10nF
Added Member To Class: ClassName=Screen Member=Component C91 10uF
Added Member To Class: ClassName=Screen Member=Component C92 100nF
Added Member To Class: ClassName=uC Member=Component C101 10uF
Added Member To Class: ClassName=uC Member=Component C102 100nF
Added Member To Class: ClassName=uC Member=Component C103 10uF
Added Member To Class: ClassName=uC Member=Component C104 100nF
Added Member To Class: ClassName=uC Member=Component C105 22pF
Added Member To Class: ClassName=uC Member=Component C106 22pF
Added Member To Class: ClassName=uC Member=Component C107 10uF
Added Member To Class: ClassName=uC Member=Component C108 100nF
Added Member To Class: ClassName=uC Member=Component C109 10uF
Added Member To Class: ClassName=uC Member=Component C110 100nF
Added Member To Class: ClassName=uC Member=Component C111 100nF
Added Member To Class: ClassName=COD1 Member=Component Cod1_COD1 (Cod1A) Cod
Added Member To Class: ClassName=COD2 Member=Component Cod1_COD2 (Cod1A) Cod
Added Member To Class: ClassName=COD3 Member=Component Cod1_COD3 (Cod1A) Cod
Added Member To Class: ClassName=COD4 Member=Component Cod1_COD4 (Cod1A) Cod
Added Member To Class: ClassName=COD5 Member=Component Cod1_COD5 (Cod1A) Cod
Added Member To Class: ClassName=COD6 Member=Component Cod1_COD6 (Cod1A) Cod
Added Member To Class: ClassName=COD7 Member=Component Cod1_COD7 (Cod1A) Cod
Added Member To Class: ClassName=COD8 Member=Component Cod1_COD8 (Cod1A) Cod
Added Member To Class: ClassName=COD 9 Member=Component Cod1_COD 9 (Cod1A) Cod
Added Member To Class: ClassName=CoderSwitches Member=Component Cod1 Switch
Added Member To Class: ClassName=CoderSwitches Member=Component Cod2 Switch
Added Member To Class: ClassName=CoderSwitches Member=Component Cod3 Switch
Added Member To Class: ClassName=CoderSwitches Member=Component Cod4 Switch
Added Member To Class: ClassName=CoderSwitches Member=Component Cod5 Switch
Added Member To Class: ClassName=CoderSwitches Member=Component Cod6 Switch
Added Member To Class: ClassName=CoderSwitches Member=Component Cod7 Switch
Added Member To Class: ClassName=CoderSwitches Member=Component Cod8 Switch
Added Member To Class: ClassName=CoderSwitches Member=Component Cod9 Switch
Added Member To Class: ClassName=LedsPart1 Member=Component D1_LedsPart1 (D1) LED
Added Member To Class: ClassName=LedsPart2 Member=Component D1_LedsPart2 (D1) LED
Added Member To Class: ClassName=LedsPart3 Member=Component D1_LedsPart3 (D1) LED
Added Member To Class: ClassName=LedsPart4 Member=Component D1_LedsPart4 (D1) LED
Added Member To Class: ClassName=PWR Member=Component D1 1N5401
Added Member To Class: ClassName=LedsPart1 Member=Component D2_LedsPart1 (D2) LED
Added Member To Class: ClassName=LedsPart2 Member=Component D2_LedsPart2 (D2) LED
Added Member To Class: ClassName=LedsPart3 Member=Component D2_LedsPart3 (D2) LED
Added Member To Class: ClassName=LedsPart4 Member=Component D2_LedsPart4 (D2) LED
Added Member To Class: ClassName=PWR Member=Component D2 1N4001
Added Member To Class: ClassName=LedsPart1 Member=Component D3_LedsPart1 (D3) LED
Added Member To Class: ClassName=LedsPart2 Member=Component D3_LedsPart2 (D3) LED
Added Member To Class: ClassName=LedsPart3 Member=Component D3_LedsPart3 (D3) LED
Added Member To Class: ClassName=LedsPart4 Member=Component D3_LedsPart4 (D3) LED
Added Member To Class: ClassName=PWR Member=Component D3 1N4001
Added Member To Class: ClassName=LedsPart1 Member=Component D4_LedsPart1 (D4) LED
Added Member To Class: ClassName=LedsPart2 Member=Component D4_LedsPart2 (D4) LED
Added Member To Class: ClassName=LedsPart3 Member=Component D4_LedsPart3 (D4) LED
Added Member To Class: ClassName=LedsPart4 Member=Component D4_LedsPart4 (D4) LED
Added Member To Class: ClassName=PWR Member=Component D4 1N5401
Added Member To Class: ClassName=LedsPart1 Member=Component D5_LedsPart1 (D5) LED
Added Member To Class: ClassName=LedsPart2 Member=Component D5_LedsPart2 (D5) LED
Added Member To Class: ClassName=LedsPart3 Member=Component D5_LedsPart3 (D5) LED
Added Member To Class: ClassName=LedsPart4 Member=Component D5_LedsPart4 (D5) LED
Added Member To Class: ClassName=PWR Member=Component D5 1N5401
Added Member To Class: ClassName=LedsPart1 Member=Component D6_LedsPart1 (D6) LED
Added Member To Class: ClassName=LedsPart2 Member=Component D6_LedsPart2 (D6) LED
Added Member To Class: ClassName=LedsPart3 Member=Component D6_LedsPart3 (D6) LED
Added Member To Class: ClassName=LedsPart4 Member=Component D6_LedsPart4 (D6) LED
Added Member To Class: ClassName=PWR Member=Component D6 1N4001
Added Member To Class: ClassName=LedsPart1 Member=Component D7_LedsPart1 (D7) LED
Added Member To Class: ClassName=LedsPart2 Member=Component D7_LedsPart2 (D7) LED
Added Member To Class: ClassName=LedsPart3 Member=Component D7_LedsPart3 (D7) LED
Added Member To Class: ClassName=LedsPart4 Member=Component D7_LedsPart4 (D7) LED
Added Member To Class: ClassName=PWR Member=Component D7 1N4001
Added Member To Class: ClassName=LedsPart1 Member=Component D8_LedsPart1 (D8) LED
Added Member To Class: ClassName=LedsPart2 Member=Component D8_LedsPart2 (D8) LED
Added Member To Class: ClassName=LedsPart3 Member=Component D8_LedsPart3 (D8) LED
Added Member To Class: ClassName=LedsPart4 Member=Component D8_LedsPart4 (D8) LED
Added Member To Class: ClassName=PadsPart1 Member=Component D51_PadsPart1 (D51) BAV20W
Added Member To Class: ClassName=PadsPart2 Member=Component D51_PadsPart2 (D51) BAV20W
Added Member To Class: ClassName=CoderSwitches Member=Component D61 BAV20W
Added Member To Class: ClassName=PWR Member=Component P0 Power Input
Added Member To Class: ClassName=uC Member=Component P1 MIDI Out
Added Member To Class: ClassName=uC Member=Component P2 Program / Debug
Added Member To Class: ClassName=MEM Member=Component P3 SDAMB-01215BT00
Added Member To Class: ClassName=uC Member=Component P IN MIDI IN Opt
Added Member To Class: ClassName=PWR Member=Component R1 680
Added Member To Class: ClassName=PWR Member=Component R2 240
Added Member To Class: ClassName=PWR Member=Component R3 330
Added Member To Class: ClassName=PWR Member=Component R4 240
Added Member To Class: ClassName=HT16 Member=Component R31 10K
Added Member To Class: ClassName=HT16 Member=Component R32 10K
Added Member To Class: ClassName=MEM Member=Component R41 10K
Added Member To Class: ClassName=MEM Member=Component R42 10K
Added Member To Class: ClassName=MEM Member=Component R43 10K
Added Member To Class: ClassName=CoderSwitches Member=Component R61 39k
Added Member To Class: ClassName=CoderSwitches Member=Component R62 39k
Added Member To Class: ClassName=CoderSwitches Member=Component R63 39k
Added Member To Class: ClassName=CoderSwitches Member=Component R64 39k
Added Member To Class: ClassName=CoderSwitches Member=Component R65 39k
Added Member To Class: ClassName=CoderSwitches Member=Component R66 39k
Added Member To Class: ClassName=CoderSwitches Member=Component R67 39k
Added Member To Class: ClassName=CoderSwitches Member=Component R68 39k
Added Member To Class: ClassName=CoderSwitches Member=Component R69 39k
Added Member To Class: ClassName=COD1 Member=Component R71_COD1 (R71) 10K
Added Member To Class: ClassName=COD2 Member=Component R71_COD2 (R71) 10K
Added Member To Class: ClassName=COD3 Member=Component R71_COD3 (R71) 10K
Added Member To Class: ClassName=COD4 Member=Component R71_COD4 (R71) 10K
Added Member To Class: ClassName=COD5 Member=Component R71_COD5 (R71) 10K
Added Member To Class: ClassName=COD6 Member=Component R71_COD6 (R71) 10K
Added Member To Class: ClassName=COD7 Member=Component R71_COD7 (R71) 10K
Added Member To Class: ClassName=COD8 Member=Component R71_COD8 (R71) 10K
Added Member To Class: ClassName=COD 9 Member=Component R71_COD 9 (R71) 10K
Added Member To Class: ClassName=COD1 Member=Component R72_COD1 (R72) 10K
Added Member To Class: ClassName=COD2 Member=Component R72_COD2 (R72) 10K
Added Member To Class: ClassName=COD3 Member=Component R72_COD3 (R72) 10K
Added Member To Class: ClassName=COD4 Member=Component R72_COD4 (R72) 10K
Added Member To Class: ClassName=COD5 Member=Component R72_COD5 (R72) 10K
Added Member To Class: ClassName=COD6 Member=Component R72_COD6 (R72) 10K
Added Member To Class: ClassName=COD7 Member=Component R72_COD7 (R72) 10K
Added Member To Class: ClassName=COD8 Member=Component R72_COD8 (R72) 10K
Added Member To Class: ClassName=COD 9 Member=Component R72_COD 9 (R72) 10K
Added Member To Class: ClassName=COD1 Member=Component R73_COD1 (R73) 10K
Added Member To Class: ClassName=COD2 Member=Component R73_COD2 (R73) 10K
Added Member To Class: ClassName=COD3 Member=Component R73_COD3 (R73) 10K
Added Member To Class: ClassName=COD4 Member=Component R73_COD4 (R73) 10K
Added Member To Class: ClassName=COD5 Member=Component R73_COD5 (R73) 10K
Added Member To Class: ClassName=COD6 Member=Component R73_COD6 (R73) 10K
Added Member To Class: ClassName=COD7 Member=Component R73_COD7 (R73) 10K
Added Member To Class: ClassName=COD8 Member=Component R73_COD8 (R73) 10K
Added Member To Class: ClassName=COD 9 Member=Component R73_COD 9 (R73) 10K
Added Member To Class: ClassName=COD1 Member=Component R74_COD1 (R74) 10K
Added Member To Class: ClassName=COD2 Member=Component R74_COD2 (R74) 10K
Added Member To Class: ClassName=COD3 Member=Component R74_COD3 (R74) 10K
Added Member To Class: ClassName=COD4 Member=Component R74_COD4 (R74) 10K
Added Member To Class: ClassName=COD5 Member=Component R74_COD5 (R74) 10K
Added Member To Class: ClassName=COD6 Member=Component R74_COD6 (R74) 10K
Added Member To Class: ClassName=COD7 Member=Component R74_COD7 (R74) 10K
Added Member To Class: ClassName=COD8 Member=Component R74_COD8 (R74) 10K
Added Member To Class: ClassName=COD 9 Member=Component R74_COD 9 (R74) 10K
Added Member To Class: ClassName=uC Member=Component R101 220
Added Member To Class: ClassName=uC Member=Component R102 220
Added Member To Class: ClassName=uC Member=Component R103 10K
Added Member To Class: ClassName=PadsPart1 Member=Component R501_PadsPart1 (R501) 39k
Added Member To Class: ClassName=PadsPart2 Member=Component R501_PadsPart2 (R501) 39k
Added Member To Class: ClassName=PadsPart1 Member=Component R502_PadsPart1 (R502) 39k
Added Member To Class: ClassName=PadsPart2 Member=Component R502_PadsPart2 (R502) 39k
Added Member To Class: ClassName=PadsPart1 Member=Component R503_PadsPart1 (R503) 39k
Added Member To Class: ClassName=PadsPart2 Member=Component R503_PadsPart2 (R503) 39k
Added Member To Class: ClassName=PadsPart1 Member=Component R504_PadsPart1 (R504) 39k
Added Member To Class: ClassName=PadsPart2 Member=Component R504_PadsPart2 (R504) 39k
Added Member To Class: ClassName=PadsPart1 Member=Component R505_PadsPart1 (R505) 39k
Added Member To Class: ClassName=PadsPart2 Member=Component R505_PadsPart2 (R505) 39k
Added Member To Class: ClassName=PadsPart1 Member=Component R506_PadsPart1 (R506) 39k
Added Member To Class: ClassName=PadsPart2 Member=Component R506_PadsPart2 (R506) 39k
Added Member To Class: ClassName=PadsPart1 Member=Component R507_PadsPart1 (R507) 39k
Added Member To Class: ClassName=PadsPart2 Member=Component R507_PadsPart2 (R507) 39k
Added Member To Class: ClassName=PadsPart1 Member=Component R508_PadsPart1 (R508) 39k
Added Member To Class: ClassName=PadsPart2 Member=Component R508_PadsPart2 (R508) 39k
Added Member To Class: ClassName=PadsPart1 Member=Component R509_PadsPart1 (R509) 39k
Added Member To Class: ClassName=PadsPart2 Member=Component R509_PadsPart2 (R509) 39k
Added Member To Class: ClassName=PadsPart1 Member=Component R510_PadsPart1 (R510) 39k
Added Member To Class: ClassName=PadsPart2 Member=Component R510_PadsPart2 (R510) 39k
Added Member To Class: ClassName=PadsPart1 Member=Component R511_PadsPart1 (R511) 39k
Added Member To Class: ClassName=PadsPart2 Member=Component R511_PadsPart2 (R511) 39k
Added Member To Class: ClassName=PadsPart1 Member=Component R512_PadsPart1 (R512) 39k
Added Member To Class: ClassName=PadsPart2 Member=Component R512_PadsPart2 (R512) 39k
Added Member To Class: ClassName=PWR Member=Component RP1 390
Added Member To Class: ClassName=PWR Member=Component RP2 100
Added Member To Class: ClassName=Screen Member=Component RP91 10K
Added Member To Class: ClassName=PadsPart1 Member=Component S1_PadsPart1 (S1) SW-PB
Added Member To Class: ClassName=PadsPart2 Member=Component S1_PadsPart2 (S1) SW-PB
Added Member To Class: ClassName=PadsPart1 Member=Component S2_PadsPart1 (S2) SW-PB
Added Member To Class: ClassName=PadsPart2 Member=Component S2_PadsPart2 (S2) SW-PB
Added Member To Class: ClassName=PadsPart1 Member=Component S3_PadsPart1 (S3) SW-PB
Added Member To Class: ClassName=PadsPart2 Member=Component S3_PadsPart2 (S3) SW-PB
Added Member To Class: ClassName=PadsPart1 Member=Component S4_PadsPart1 (S4) SW-PB
Added Member To Class: ClassName=PadsPart2 Member=Component S4_PadsPart2 (S4) SW-PB
Added Member To Class: ClassName=PadsPart1 Member=Component S5_PadsPart1 (S5) SW-PB
Added Member To Class: ClassName=PadsPart2 Member=Component S5_PadsPart2 (S5) SW-PB
Added Member To Class: ClassName=PadsPart1 Member=Component S6_PadsPart1 (S6) SW-PB
Added Member To Class: ClassName=PadsPart2 Member=Component S6_PadsPart2 (S6) SW-PB
Added Member To Class: ClassName=PadsPart1 Member=Component S7_PadsPart1 (S7) SW-PB
Added Member To Class: ClassName=PadsPart2 Member=Component S7_PadsPart2 (S7) SW-PB
Added Member To Class: ClassName=PadsPart1 Member=Component S8_PadsPart1 (S8) SW-PB
Added Member To Class: ClassName=PadsPart2 Member=Component S8_PadsPart2 (S8) SW-PB
Added Member To Class: ClassName=PadsPart1 Member=Component S9_PadsPart1 (S9) SW-PB
Added Member To Class: ClassName=PadsPart2 Member=Component S9_PadsPart2 (S9) SW-PB
Added Member To Class: ClassName=PadsPart1 Member=Component S10_PadsPart1 (S10) SW-PB
Added Member To Class: ClassName=PadsPart2 Member=Component S10_PadsPart2 (S10) SW-PB
Added Member To Class: ClassName=PadsPart1 Member=Component S11_PadsPart1 (S11) SW-PB
Added Member To Class: ClassName=PadsPart2 Member=Component S11_PadsPart2 (S11) SW-PB
Added Member To Class: ClassName=PadsPart1 Member=Component S12_PadsPart1 (S12) SW-PB
Added Member To Class: ClassName=PadsPart2 Member=Component S12_PadsPart2 (S12) SW-PB
Added Member To Class: ClassName=uC Member=Component U1 PIC32MX150F128B
Added Member To Class: ClassName=uC Member=Component U2 NL37WZ07USG
Added Member To Class: ClassName=MCP1 Member=Component U3_MCP1 (U3) MCP23S17
Added Member To Class: ClassName=MCP2 Member=Component U3_MCP2 (U3) MCP23S17
Added Member To Class: ClassName=HT16 Member=Component U4 HT16K33
Added Member To Class: ClassName=MEM Member=Component U5 SST25VF020B
Added Member To Class: ClassName=Screen Member=Component U6 LCD-128H064A
Added Member To Class: ClassName=PWR Member=Component U7 LM317
Added Member To Class: ClassName=PWR Member=Component U8 LM317
Added Member To Class: ClassName=uC Member=Component Y1 8Mhz
