Change Physical Footprint: Designator=D1 Old Footprint=SMC Vishay New Footprint=SMC Vishay
Change Physical Footprint: Designator=D1_1 Old Footprint=LED-3mm New Footprint=LED-3mm
Change Physical Footprint: Designator=D1_2 Old Footprint=LED-3mm New Footprint=LED-3mm
Change Physical Footprint: Designator=D1_3 Old Footprint=LED-3mm New Footprint=LED-3mm
Change Physical Footprint: Designator=D1_4 Old Footprint=LED-3mm New Footprint=LED-3mm
Change Physical Footprint: Designator=D2 Old Footprint=DO-214AC(SMA) New Footprint=DO-214AC(SMA)
Change Physical Footprint: Designator=D2_1 Old Footprint=LED-3mm New Footprint=LED-3mm
Change Physical Footprint: Designator=D2_2 Old Footprint=LED-3mm New Footprint=LED-3mm
Change Physical Footprint: Designator=D2_3 Old Footprint=LED-3mm New Footprint=LED-3mm
Change Physical Footprint: Designator=D2_4 Old Footprint=LED-3mm New Footprint=LED-3mm
Change Physical Footprint: Designator=D3 Old Footprint=DO-214AC(SMA) New Footprint=DO-214AC(SMA)
Change Physical Footprint: Designator=D3_1 Old Footprint=LED-3mm New Footprint=LED-3mm
Change Physical Footprint: Designator=D3_2 Old Footprint=LED-3mm New Footprint=LED-3mm
Change Physical Footprint: Designator=D3_3 Old Footprint=LED-3mm New Footprint=LED-3mm
Change Physical Footprint: Designator=D3_4 Old Footprint=LED-3mm New Footprint=LED-3mm
Change Physical Footprint: Designator=D4 Old Footprint=SMC Vishay New Footprint=SMC Vishay
Change Physical Footprint: Designator=D4_1 Old Footprint=LED-3mm New Footprint=LED-3mm
Change Physical Footprint: Designator=D4_2 Old Footprint=LED-3mm New Footprint=LED-3mm
Change Physical Footprint: Designator=D4_3 Old Footprint=LED-3mm New Footprint=LED-3mm
Change Physical Footprint: Designator=D4_4 Old Footprint=LED-3mm New Footprint=LED-3mm
Change Physical Footprint: Designator=D5 Old Footprint=SMC Vishay New Footprint=SMC Vishay
Change Physical Footprint: Designator=D5_1 Old Footprint=LED-3mm New Footprint=LED-3mm
Change Physical Footprint: Designator=D5_2 Old Footprint=LED-3mm New Footprint=LED-3mm
Change Physical Footprint: Designator=D5_3 Old Footprint=LED-3mm New Footprint=LED-3mm
Change Physical Footprint: Designator=D5_4 Old Footprint=LED-3mm New Footprint=LED-3mm
Change Physical Footprint: Designator=D6 Old Footprint=DO-214AC(SMA) New Footprint=DO-214AC(SMA)
Change Physical Footprint: Designator=D6_1 Old Footprint=LED-3mm New Footprint=LED-3mm
Change Physical Footprint: Designator=D6_2 Old Footprint=LED-3mm New Footprint=LED-3mm
Change Physical Footprint: Designator=D6_3 Old Footprint=LED-3mm New Footprint=LED-3mm
Change Physical Footprint: Designator=D6_4 Old Footprint=LED-3mm New Footprint=LED-3mm
Change Physical Footprint: Designator=D7 Old Footprint=DO-214AC(SMA) New Footprint=DO-214AC(SMA)
Change Physical Footprint: Designator=D7_1 Old Footprint=LED-3mm New Footprint=LED-3mm
Change Physical Footprint: Designator=D7_2 Old Footprint=LED-3mm New Footprint=LED-3mm
Change Physical Footprint: Designator=D7_3 Old Footprint=LED-3mm New Footprint=LED-3mm
Change Physical Footprint: Designator=D7_4 Old Footprint=LED-3mm New Footprint=LED-3mm
Change Physical Footprint: Designator=D8_1 Old Footprint=LED-3mm New Footprint=LED-3mm
Change Physical Footprint: Designator=D8_2 Old Footprint=LED-3mm New Footprint=LED-3mm
Change Physical Footprint: Designator=D8_3 Old Footprint=LED-3mm New Footprint=LED-3mm
Change Physical Footprint: Designator=D8_4 Old Footprint=LED-3mm New Footprint=LED-3mm
Change Physical Footprint: Designator=D51_1 Old Footprint=Diode SOD-123 New Footprint=Diode SOD-123
Change Physical Footprint: Designator=D51_2 Old Footprint=Diode SOD-123 New Footprint=Diode SOD-123
Change Physical Footprint: Designator=D61 Old Footprint=Diode SOD-123 New Footprint=Diode SOD-123
