Added Component: Designator=U6(LCD-128H064A)
Added Pin To Net: NetName=GND Pin=U6-1
Added Pin To Net: NetName=5V Pin=U6-2
Added Pin To Net: NetName=NetRP91_3 Pin=U6-3
Added Pin To Net: NetName=NetU3_MCP2_21 Pin=U6-4
Added Pin To Net: NetName=GND Pin=U6-5
Added Pin To Net: NetName=NetU3_MCP2_22 Pin=U6-6
Added Pin To Net: NetName=NetU3_MCP2_1 Pin=U6-7
Added Pin To Net: NetName=NetU3_MCP2_2 Pin=U6-8
Added Pin To Net: NetName=NetU3_MCP2_3 Pin=U6-9
Added Pin To Net: NetName=NetU3_MCP2_4 Pin=U6-10
Added Pin To Net: NetName=NetU3_MCP2_5 Pin=U6-11
Added Pin To Net: NetName=NetU3_MCP2_6 Pin=U6-12
Added Pin To Net: NetName=NetU3_MCP2_7 Pin=U6-13
Added Pin To Net: NetName=NetU3_MCP2_8 Pin=U6-14
Added Pin To Net: NetName=NetU3_MCP2_23 Pin=U6-15
Added Pin To Net: NetName=NetU3_MCP2_24 Pin=U6-16
Added Pin To Net: NetName=/MCLR Pin=U6-17
Added Pin To Net: NetName=NetRP91_1 Pin=U6-18
Added Pin To Net: NetName=5V Pin=U6-19
Added Pin To Net: NetName=GND Pin=U6-20
Added Member To Class: ClassName=Screen Member=Component U6 LCD-128H064A
